#
# There is insufficient memory for the Java Runtime Environment to continue.
# Native memory allocation (mmap) failed to map 65536 bytes for Failed to commit metaspace.
# Possible reasons:
#   The system is out of physical RAM or swap space
#   The process is running with CompressedOops enabled, and the Java Heap may be blocking the growth of the native heap
# Possible solutions:
#   Reduce memory load on the system
#   Increase physical memory or swap space
#   Check if swap backing store is full
#   Decrease Java heap size (-Xmx/-Xms)
#   Decrease number of Java threads
#   Decrease Java thread stack sizes (-Xss)
#   Set larger code cache with -XX:ReservedCodeCacheSize=
#   JVM is running with Unscaled Compressed Oops mode in which the Java heap is
#     placed in the first 4GB address space. The Java Heap base address is the
#     maximum limit for the native heap growth. Please use -XX:HeapBaseMinAddress
#     to set the Java Heap base and to place the Java Heap above 4GB virtual address.
# This output file may be truncated or incomplete.
#
#  Out of Memory Error (virtualSpaceNode.cpp:110), pid=31516, tid=3200
#
# JRE version: OpenJDK Runtime Environment Temurin-17.0.10+7 (17.0.10+7) (build 17.0.10+7)
# Java VM: OpenJDK 64-Bit Server VM Temurin-17.0.10+7 (17.0.10+7, mixed mode, emulated-client, tiered, compressed oops, compressed class ptrs, g1 gc, windows-amd64)
# No core dump will be written. Minidumps are not enabled by default on client versions of Windows
#

---------------  S U M M A R Y ------------

Command Line: -XX:+HeapDumpOnOutOfMemoryError -Xmx1024m -Dsts.lsp.client=vscode -Dsts.log.file=/dev/null -XX:TieredStopAtLevel=1 -Xlog:jni+resolve=off -Dspring.config.location=file:c:\Users\sohai\.vscode\extensions\vmware.vscode-spring-boot-1.53.0\language-server\BOOT-INF\classes\application.properties org.springframework.ide.vscode.boot.app.BootLanguageServerBootApp

Host: Intel(R) Core(TM) i3-10110U CPU @ 2.10GHz, 4 cores, 7G,  Windows 11 , 64 bit Build 22621 (10.0.22621.3235)
Time: Sun Mar 24 23:17:56 2024 India Standard Time elapsed time: 30.840861 seconds (0d 0h 0m 30s)

---------------  T H R E A D  ---------------

Current thread (0x000002923f289bb0):  JavaThread "main" [_thread_in_vm, id=3200, stack(0x000000c30d000000,0x000000c30d100000)]

Stack: [0x000000c30d000000,0x000000c30d100000]
Native frames: (J=compiled Java code, j=interpreted, Vv=VM code, C=native code)
V  [jvm.dll+0x67d2c9]
V  [jvm.dll+0x834afa]
V  [jvm.dll+0x8365be]
V  [jvm.dll+0x836c23]
V  [jvm.dll+0x2477ff]
V  [jvm.dll+0x8307bb]
V  [jvm.dll+0x621d16]
V  [jvm.dll+0x1c183e]
V  [jvm.dll+0x624671]
V  [jvm.dll+0x6226b6]
V  [jvm.dll+0x62c5a7]
V  [jvm.dll+0x1eb80b]
V  [jvm.dll+0x1ebd45]
V  [jvm.dll+0x1ec800]
V  [jvm.dll+0x1e1c01]
V  [jvm.dll+0x5427ce]
V  [jvm.dll+0x7aeb88]
V  [jvm.dll+0x7aec74]
V  [jvm.dll+0x4108f5]
V  [jvm.dll+0x416a79]
C  [java.dll+0x17ec]

Java frames: (J=compiled Java code, j=interpreted, Vv=VM code)
J 849  java.lang.ClassLoader.defineClass1(Ljava/lang/ClassLoader;Ljava/lang/String;[BIILjava/security/ProtectionDomain;Ljava/lang/String;)Ljava/lang/Class; java.base@17.0.10 (0 bytes) @ 0x00000292439eee5b [0x00000292439eeda0+0x00000000000000bb]
J 845 c1 java.lang.ClassLoader.defineClass(Ljava/lang/String;[BIILjava/security/ProtectionDomain;)Ljava/lang/Class; java.base@17.0.10 (43 bytes) @ 0x00000292439f00dc [0x00000292439effe0+0x00000000000000fc]
J 749 c1 jdk.internal.loader.BuiltinClassLoader.defineClass(Ljava/lang/String;Ljdk/internal/loader/Resource;)Ljava/lang/Class; java.base@17.0.10 (121 bytes) @ 0x00000292439cad44 [0x00000292439ca8a0+0x00000000000004a4]
J 748 c1 jdk.internal.loader.BuiltinClassLoader.findClassOnClassPathOrNull(Ljava/lang/String;)Ljava/lang/Class; java.base@17.0.10 (64 bytes) @ 0x00000292439c9cc4 [0x00000292439c9a20+0x00000000000002a4]
J 671 c1 jdk.internal.loader.BuiltinClassLoader.loadClassOrNull(Ljava/lang/String;Z)Ljava/lang/Class; java.base@17.0.10 (143 bytes) @ 0x00000292439a4144 [0x00000292439a3d00+0x0000000000000444]
J 730 c1 jdk.internal.loader.ClassLoaders$AppClassLoader.loadClass(Ljava/lang/String;Z)Ljava/lang/Class; java.base@17.0.10 (40 bytes) @ 0x00000292439c19a4 [0x00000292439c1860+0x0000000000000144]
J 729 c1 java.lang.ClassLoader.loadClass(Ljava/lang/String;)Ljava/lang/Class; java.base@17.0.10 (7 bytes) @ 0x00000292439c0de4 [0x00000292439c0da0+0x0000000000000044]
v  ~StubRoutines::call_stub
j  org.springframework.ide.vscode.boot.java.rewrite.RewriteRecipeRepository.<clinit>()V+84
v  ~StubRoutines::call_stub
j  org.springframework.ide.vscode.boot.app.RewriteConfig.rewriteRecipesRepository(Lorg/springframework/ide/vscode/commons/languageserver/util/SimpleLanguageServer;Lorg/springframework/ide/vscode/commons/languageserver/java/JavaProjectFinder;Lorg/springframework/ide/vscode/boot/app/BootJavaConfig;)Lorg/springframework/ide/vscode/boot/java/rewrite/RewriteRecipeRepository;+0
v  ~StubRoutines::call_stub
j  jdk.internal.reflect.NativeMethodAccessorImpl.invoke0(Ljava/lang/reflect/Method;Ljava/lang/Object;[Ljava/lang/Object;)Ljava/lang/Object;+0 java.base@17.0.10
j  jdk.internal.reflect.NativeMethodAccessorImpl.invoke(Ljava/lang/Object;[Ljava/lang/Object;)Ljava/lang/Object;+133 java.base@17.0.10
j  jdk.internal.reflect.DelegatingMethodAccessorImpl.invoke(Ljava/lang/Object;[Ljava/lang/Object;)Ljava/lang/Object;+6 java.base@17.0.10
j  java.lang.reflect.Method.invoke(Ljava/lang/Object;[Ljava/lang/Object;)Ljava/lang/Object;+59 java.base@17.0.10
j  org.springframework.beans.factory.support.SimpleInstantiationStrategy.instantiate(Lorg/springframework/beans/factory/support/RootBeanDefinition;Ljava/lang/String;Lorg/springframework/beans/factory/BeanFactory;Ljava/lang/Object;Ljava/lang/reflect/Method;[Ljava/lang/Object;)Ljava/lang/Object;+30
j  org.springframework.beans.factory.support.ConstructorResolver.instantiate(Ljava/lang/String;Lorg/springframework/beans/factory/support/RootBeanDefinition;Ljava/lang/Object;Ljava/lang/reflect/Method;[Ljava/lang/Object;)Ljava/lang/Object;+18
j  org.springframework.beans.factory.support.ConstructorResolver.instantiateUsingFactoryMethod(Ljava/lang/String;Lorg/springframework/beans/factory/support/RootBeanDefinition;[Ljava/lang/Object;)Lorg/springframework/beans/BeanWrapper;+1438
j  org.springframework.beans.factory.support.AbstractAutowireCapableBeanFactory.instantiateUsingFactoryMethod(Ljava/lang/String;Lorg/springframework/beans/factory/support/RootBeanDefinition;[Ljava/lang/Object;)Lorg/springframework/beans/BeanWrapper;+11
j  org.springframework.beans.factory.support.AbstractAutowireCapableBeanFactory.createBeanInstance(Ljava/lang/String;Lorg/springframework/beans/factory/support/RootBeanDefinition;[Ljava/lang/Object;)Lorg/springframework/beans/BeanWrapper;+89
j  org.springframework.beans.factory.support.AbstractAutowireCapableBeanFactory.doCreateBean(Ljava/lang/String;Lorg/springframework/beans/factory/support/RootBeanDefinition;[Ljava/lang/Object;)Ljava/lang/Object;+34
j  org.springframework.beans.factory.support.AbstractAutowireCapableBeanFactory.createBean(Ljava/lang/String;Lorg/springframework/beans/factory/support/RootBeanDefinition;[Ljava/lang/Object;)Ljava/lang/Object;+153
j  org.springframework.beans.factory.support.AbstractBeanFactory.lambda$doGetBean$0(Ljava/lang/String;Lorg/springframework/beans/factory/support/RootBeanDefinition;[Ljava/lang/Object;)Ljava/lang/Object;+4
j  org.springframework.beans.factory.support.AbstractBeanFactory$$Lambda$425+0x0000000100341c98.getObject()Ljava/lang/Object;+16
j  org.springframework.beans.factory.support.DefaultSingletonBeanRegistry.getSingleton(Ljava/lang/String;Lorg/springframework/beans/factory/ObjectFactory;)Ljava/lang/Object;+114
J 3234 c1 org.springframework.beans.factory.support.AbstractBeanFactory.doGetBean(Ljava/lang/String;Ljava/lang/Class;[Ljava/lang/Object;Z)Ljava/lang/Object; (740 bytes) @ 0x0000029243c051ac [0x0000029243c04c00+0x00000000000005ac]
j  org.springframework.beans.factory.support.AbstractBeanFactory.getBean(Ljava/lang/String;)Ljava/lang/Object;+5
j  org.springframework.beans.factory.config.DependencyDescriptor.resolveCandidate(Ljava/lang/String;Ljava/lang/Class;Lorg/springframework/beans/factory/BeanFactory;)Ljava/lang/Object;+2
j  org.springframework.beans.factory.support.DefaultListableBeanFactory.doResolveDependency(Lorg/springframework/beans/factory/config/DependencyDescriptor;Ljava/lang/String;Ljava/util/Set;Lorg/springframework/beans/TypeConverter;)Ljava/lang/Object;+473
j  org.springframework.beans.factory.support.DefaultListableBeanFactory.resolveDependency(Lorg/springframework/beans/factory/config/DependencyDescriptor;Ljava/lang/String;Ljava/util/Set;Lorg/springframework/beans/TypeConverter;)Ljava/lang/Object;+117
j  org.springframework.beans.factory.support.ConstructorResolver.resolveAutowiredArgument(Lorg/springframework/beans/factory/config/DependencyDescriptor;Ljava/lang/Class;Ljava/lang/String;Ljava/util/Set;Lorg/springframework/beans/TypeConverter;Z)Ljava/lang/Object;+53
j  org.springframework.beans.factory.support.ConstructorResolver.createArgumentArray(Ljava/lang/String;Lorg/springframework/beans/factory/support/RootBeanDefinition;Lorg/springframework/beans/factory/config/ConstructorArgumentValues;Lorg/springframework/beans/BeanWrapper;[Ljava/lang/Class;[Ljava/lang/String;Ljava/lang/reflect/Executable;ZZ)Lorg/springframework/beans/factory/support/ConstructorResolver$ArgumentsHolder;+420
j  org.springframework.beans.factory.support.ConstructorResolver.instantiateUsingFactoryMethod(Ljava/lang/String;Lorg/springframework/beans/factory/support/RootBeanDefinition;[Ljava/lang/Object;)Lorg/springframework/beans/BeanWrapper;+754
j  org.springframework.beans.factory.support.AbstractAutowireCapableBeanFactory.instantiateUsingFactoryMethod(Ljava/lang/String;Lorg/springframework/beans/factory/support/RootBeanDefinition;[Ljava/lang/Object;)Lorg/springframework/beans/BeanWrapper;+11
j  org.springframework.beans.factory.support.AbstractAutowireCapableBeanFactory.createBeanInstance(Ljava/lang/String;Lorg/springframework/beans/factory/support/RootBeanDefinition;[Ljava/lang/Object;)Lorg/springframework/beans/BeanWrapper;+89
j  org.springframework.beans.factory.support.AbstractAutowireCapableBeanFactory.doCreateBean(Ljava/lang/String;Lorg/springframework/beans/factory/support/RootBeanDefinition;[Ljava/lang/Object;)Ljava/lang/Object;+34
j  org.springframework.beans.factory.support.AbstractAutowireCapableBeanFactory.createBean(Ljava/lang/String;Lorg/springframework/beans/factory/support/RootBeanDefinition;[Ljava/lang/Object;)Ljava/lang/Object;+153
j  org.springframework.beans.factory.support.AbstractBeanFactory.lambda$doGetBean$0(Ljava/lang/String;Lorg/springframework/beans/factory/support/RootBeanDefinition;[Ljava/lang/Object;)Ljava/lang/Object;+4
j  org.springframework.beans.factory.support.AbstractBeanFactory$$Lambda$425+0x0000000100341c98.getObject()Ljava/lang/Object;+16
j  org.springframework.beans.factory.support.DefaultSingletonBeanRegistry.getSingleton(Ljava/lang/String;Lorg/springframework/beans/factory/ObjectFactory;)Ljava/lang/Object;+114
J 3234 c1 org.springframework.beans.factory.support.AbstractBeanFactory.doGetBean(Ljava/lang/String;Ljava/lang/Class;[Ljava/lang/Object;Z)Ljava/lang/Object; (740 bytes) @ 0x0000029243c051ac [0x0000029243c04c00+0x00000000000005ac]
j  org.springframework.beans.factory.support.AbstractBeanFactory.getBean(Ljava/lang/String;)Ljava/lang/Object;+5
j  org.springframework.beans.factory.config.DependencyDescriptor.resolveCandidate(Ljava/lang/String;Ljava/lang/Class;Lorg/springframework/beans/factory/BeanFactory;)Ljava/lang/Object;+2
j  org.springframework.beans.factory.support.DefaultListableBeanFactory.doResolveDependency(Lorg/springframework/beans/factory/config/DependencyDescriptor;Ljava/lang/String;Ljava/util/Set;Lorg/springframework/beans/TypeConverter;)Ljava/lang/Object;+473
j  org.springframework.beans.factory.support.DefaultListableBeanFactory.resolveDependency(Lorg/springframework/beans/factory/config/DependencyDescriptor;Ljava/lang/String;Ljava/util/Set;Lorg/springframework/beans/TypeConverter;)Ljava/lang/Object;+117
j  org.springframework.beans.factory.annotation.AutowiredAnnotationBeanPostProcessor$AutowiredFieldElement.resolveFieldValue(Ljava/lang/reflect/Field;Ljava/lang/Object;Ljava/lang/String;)Ljava/lang/Object;+81
j  org.springframework.beans.factory.annotation.AutowiredAnnotationBeanPostProcessor$AutowiredFieldElement.inject(Ljava/lang/Object;Ljava/lang/String;Lorg/springframework/beans/PropertyValues;)V+74
j  org.springframework.beans.factory.annotation.InjectionMetadata.inject(Ljava/lang/Object;Ljava/lang/String;Lorg/springframework/beans/PropertyValues;)V+68
j  org.springframework.beans.factory.annotation.AutowiredAnnotationBeanPostProcessor.postProcessProperties(Lorg/springframework/beans/PropertyValues;Ljava/lang/Object;Ljava/lang/String;)Lorg/springframework/beans/PropertyValues;+17
j  org.springframework.beans.factory.support.AbstractAutowireCapableBeanFactory.populateBean(Ljava/lang/String;Lorg/springframework/beans/factory/support/RootBeanDefinition;Lorg/springframework/beans/BeanWrapper;)V+280
j  org.springframework.beans.factory.support.AbstractAutowireCapableBeanFactory.doCreateBean(Ljava/lang/String;Lorg/springframework/beans/factory/support/RootBeanDefinition;[Ljava/lang/Object;)Ljava/lang/Object;+220
j  org.springframework.beans.factory.support.AbstractAutowireCapableBeanFactory.createBean(Ljava/lang/String;Lorg/springframework/beans/factory/support/RootBeanDefinition;[Ljava/lang/Object;)Ljava/lang/Object;+153
j  org.springframework.beans.factory.support.AbstractBeanFactory.lambda$doGetBean$0(Ljava/lang/String;Lorg/springframework/beans/factory/support/RootBeanDefinition;[Ljava/lang/Object;)Ljava/lang/Object;+4
j  org.springframework.beans.factory.support.AbstractBeanFactory$$Lambda$425+0x0000000100341c98.getObject()Ljava/lang/Object;+16
j  org.springframework.beans.factory.support.DefaultSingletonBeanRegistry.getSingleton(Ljava/lang/String;Lorg/springframework/beans/factory/ObjectFactory;)Ljava/lang/Object;+114
J 3234 c1 org.springframework.beans.factory.support.AbstractBeanFactory.doGetBean(Ljava/lang/String;Ljava/lang/Class;[Ljava/lang/Object;Z)Ljava/lang/Object; (740 bytes) @ 0x0000029243c051ac [0x0000029243c04c00+0x00000000000005ac]
j  org.springframework.beans.factory.support.AbstractBeanFactory.getBean(Ljava/lang/String;)Ljava/lang/Object;+5
j  org.springframework.beans.factory.support.DefaultListableBeanFactory.preInstantiateSingletons()V+152
j  org.springframework.context.support.AbstractApplicationContext.finishBeanFactoryInitialization(Lorg/springframework/beans/factory/config/ConfigurableListableBeanFactory;)V+130
j  org.springframework.context.support.AbstractApplicationContext.refresh()V+94
j  org.springframework.boot.SpringApplication.refresh(Lorg/springframework/context/ConfigurableApplicationContext;)V+1
j  org.springframework.boot.SpringApplication.refreshContext(Lorg/springframework/context/ConfigurableApplicationContext;)V+16
j  org.springframework.boot.SpringApplication.run([Ljava/lang/String;)Lorg/springframework/context/ConfigurableApplicationContext;+110
j  org.springframework.boot.SpringApplication.run([Ljava/lang/Class;[Ljava/lang/String;)Lorg/springframework/context/ConfigurableApplicationContext;+9
j  org.springframework.boot.SpringApplication.run(Ljava/lang/Class;[Ljava/lang/String;)Lorg/springframework/context/ConfigurableApplicationContext;+9
j  org.springframework.ide.vscode.boot.app.BootLanguageServerBootApp.main([Ljava/lang/String;)V+19
v  ~StubRoutines::call_stub

Compiled method (n/a)   30861  849     n 0       java.lang.ClassLoader::defineClass1 (native)
 total in heap  [0x00000292439eec10,0x00000292439ef0e8] = 1240
 relocation     [0x00000292439eed68,0x00000292439eeda0] = 56
 main code      [0x00000292439eeda0,0x00000292439ef0e8] = 840

[Constant Pool (empty)]

[MachCode]
[Entry Point]
  # {method} {0x000002924c01de78} 'defineClass1' '(Ljava/lang/ClassLoader;Ljava/lang/String;[BIILjava/security/ProtectionDomain;Ljava/lang/String;)Ljava/lang/Class;' in 'java/lang/ClassLoader'
  # parm0:    rdx:rdx   = 'java/lang/ClassLoader'
  # parm1:    r8:r8     = 'java/lang/String'
  # parm2:    r9:r9     = '[B'
  # parm3:    rdi       = int
  # parm4:    rsi       = int
  # parm5:    rcx:rcx   = 'java/security/ProtectionDomain'
  # parm6:    [sp+0xa0]   = 'java/lang/String'  (sp of caller)
  0x00000292439eeda0: 448b 5208 | 49c1 e203 | 493b c20f | 8407 0000 

  0x00000292439eedb0: ;   {runtime_call ic_miss_stub}
  0x00000292439eedb0: 00e9 ca22 | d7ff 6690 
[Verified Entry Point]
  0x00000292439eedb8: 8984 2400 | 90ff ff55 | 488b ec48 | 81ec 9000 | 0000 4881 | 7d10 0000 | 0000 488d | 4510 480f 
  0x00000292439eedd8: 4445 1048 | 8944 2440 | 4889 4c24 | 7048 83f9 | 0048 8d44 | 2470 480f | 4444 2470 | 4889 4424 
  0x00000292439eedf8: 3848 8974 | 2430 4889 | 7c24 284c | 894c 2458 | 4983 f900 | 488d 4424 | 5848 0f44 | 4424 5848 
  0x00000292439eee18: 8944 2420 | 4c89 4424 | 5049 83f8 | 004c 8d4c | 2450 4c0f | 444c 2450 | 4889 5424 | 4848 83fa 
  0x00000292439eee38: 004c 8d44 | 2448 4c0f | 4444 2448 

  0x00000292439eee44: ;   {oop(a 'java/lang/Class'{0x00000000c096c668} = 'java/lang/ClassLoader')}
  0x00000292439eee44: 49be 68c6 | 96c0 0000 | 0000 4c89 | 7424 784c | 8d74 2478 | 498b d6c5 

  0x00000292439eee5c: ;   {internal_word}
  0x00000292439eee5c: f877 49ba | 5bee 9e43 | 9202 0000 | 4d89 97a0 | 0200 0049 | 89a7 9802 

  0x00000292439eee74: ;   {external_word}
  0x00000292439eee74: 0000 49ba | 7935 4551 | fe7f 0000 | 4180 3a00 | 0f84 5200 | 0000 5241 

  0x00000292439eee8c: ;   {metadata({method} {0x000002924c01de78} 'defineClass1' '(Ljava/lang/ClassLoader;Ljava/lang/String;[BIILjava/security/ProtectionDomain;Ljava/lang/String;)Ljava/lang/Class;' in 'java/lang/ClassLoader')}
  0x00000292439eee8c: 5041 5148 | ba70 de01 | 4c92 0200 | 0049 8bcf | 4883 ec20 | f7c4 0f00 | 0000 0f84 | 1a00 0000 
  0x00000292439eeeac: 4883 ec08 

  0x00000292439eeeb0: ;   {runtime_call}
  0x00000292439eeeb0: 49ba 0030 | fb50 fe7f | 0000 41ff | d248 83c4 | 08e9 0d00 

  0x00000292439eeec4: ;   {runtime_call}
  0x00000292439eeec4: 0000 49ba | 0030 fb50 | fe7f 0000 | 41ff d248 | 83c4 2041 | 5941 585a | 498d 8fb8 | 0200 0041 
  0x00000292439eeee4: c787 4803 | 0000 0400 

  0x00000292439eeeec: ;   {runtime_call}
  0x00000292439eeeec: 0000 49ba | ac16 0979 | fe7f 0000 | 41ff d2c5 | f877 41c7 | 8748 0300 | 0005 0000 | 00f0 8344 
  0x00000292439eef0c: 24c0 0049 | 3baf 5003 | 0000 0f87 | 1100 0000 | 4181 bf38 | 0300 0000 | 0000 000f | 842c 0000 
  0x00000292439eef2c: 00c5 f877 | 4889 45f8 | 498b cf4c | 8be4 4883 | ec20 4883 

  0x00000292439eef40: ;   {runtime_call}
  0x00000292439eef40: e4f0 49ba | 7044 0b51 | fe7f 0000 | 41ff d249 | 8be4 4d33 | e448 8b45 | f841 c787 | 4803 0000 
  0x00000292439eef60: 0800 0000 | 4181 bfb8 | 0300 0002 | 0000 000f | 843f 0100 

  0x00000292439eef74: ;   {external_word}
  0x00000292439eef74: 0049 ba79 | 3545 51fe | 7f00 0041 | 803a 000f | 8450 0000 | 0048 8945 

  0x00000292439eef8c: ;   {metadata({method} {0x000002924c01de78} 'defineClass1' '(Ljava/lang/ClassLoader;Ljava/lang/String;[BIILjava/security/ProtectionDomain;Ljava/lang/String;)Ljava/lang/Class;' in 'java/lang/ClassLoader')}
  0x00000292439eef8c: f848 ba70 | de01 4c92 | 0200 0049 | 8bcf 4883 | ec20 f7c4 | 0f00 0000 | 0f84 1a00 | 0000 4883 
  0x00000292439eefac: ;   {runtime_call}
  0x00000292439eefac: ec08 49ba | 0030 fb50 | fe7f 0000 | 41ff d248 | 83c4 08e9 | 0d00 0000 

  0x00000292439eefc4: ;   {runtime_call}
  0x00000292439eefc4: 49ba 0030 | fb50 fe7f | 0000 41ff | d248 83c4 | 2048 8b45 | f849 c787 | 9802 0000 | 0000 0000 
  0x00000292439eefe4: 49c7 87a0 | 0200 0000 | 0000 00c5 | f877 4885 | c00f 8493 | 0000 0048 | f7c0 0100 | 0000 0f84 
  0x00000292439ef004: 8300 0000 | 488b 40ff | 4180 7f38 | 000f 846f | 0000 0048 | 83f8 000f | 8465 0000 | 0049 8b4f 
  0x00000292439ef024: 2048 83f9 | 000f 8414 | 0000 0048 | 83e9 0849 | 894f 2049 | 034f 3048 | 8901 e943 | 0000 0050 
  0x00000292439ef044: 498b d748 | 8bc8 4883 | ec20 f7c4 | 0f00 0000 | 0f84 1a00 | 0000 4883 

  0x00000292439ef05c: ;   {runtime_call}
  0x00000292439ef05c: ec08 49ba | 6048 ba50 | fe7f 0000 | 41ff d248 | 83c4 08e9 | 0d00 0000 

  0x00000292439ef074: ;   {runtime_call}
  0x00000292439ef074: 49ba 6048 | ba50 fe7f | 0000 41ff | d248 83c4 | 2058 e903 | 0000 0048 | 8b00 498b | 8fd8 0000 
  0x00000292439ef094: 00c7 8100 | 0100 0000 | 0000 00c9 | 4981 7f08 | 0000 0000 | 0f85 0100 

  0x00000292439ef0ac: ;   {runtime_call StubRoutines (1)}
  0x00000292439ef0ac: 0000 c3e9 | 4c1e d2ff | c5f8 7748 | 8945 f84c | 8be4 4883 | ec20 4883 

  0x00000292439ef0c4: ;   {runtime_call}
  0x00000292439ef0c4: e4f0 49ba | 8060 fb50 | fe7f 0000 | 41ff d249 | 8be4 4d33 | e448 8b45 | f8e9 93fe | ffff f4f4 
  0x00000292439ef0e4: f4f4 f4f4 
[/MachCode]


Compiled method (c1)   31086  845       1       java.lang.ClassLoader::defineClass (43 bytes)
 total in heap  [0x00000292439efe10,0x00000292439f03b0] = 1440
 relocation     [0x00000292439eff68,0x00000292439effc8] = 96
 main code      [0x00000292439effe0,0x00000292439f0180] = 416
 stub code      [0x00000292439f0180,0x00000292439f01f8] = 120
 metadata       [0x00000292439f01f8,0x00000292439f0228] = 48
 scopes data    [0x00000292439f0228,0x00000292439f02e0] = 184
 scopes pcs     [0x00000292439f02e0,0x00000292439f0380] = 160
 dependencies   [0x00000292439f0380,0x00000292439f0388] = 8
 nul chk table  [0x00000292439f0388,0x00000292439f03b0] = 40

[Constant Pool (empty)]

[MachCode]
[Entry Point]
  # {method} {0x000002924c01dce8} 'defineClass' '(Ljava/lang/String;[BIILjava/security/ProtectionDomain;)Ljava/lang/Class;' in 'java/lang/ClassLoader'
  # this:     rdx:rdx   = 'java/lang/ClassLoader'
  # parm0:    r8:r8     = 'java/lang/String'
  # parm1:    r9:r9     = '[B'
  # parm2:    rdi       = int
  # parm3:    rsi       = int
  # parm4:    rcx:rcx   = 'java/security/ProtectionDomain'
  #           [sp+0xc0]  (sp of caller)
  0x00000292439effe0: 448b 5208 | 49c1 e203 

  0x00000292439effe8: ;   {runtime_call ic_miss_stub}
  0x00000292439effe8: 4c3b d00f | 858f 10d7 | ff66 6666 | 0f1f 8400 | 0000 0000 | 6666 6690 
[Verified Entry Point]
  0x00000292439f0000: 8984 2400 | 90ff ff55 | 4881 ecb0 | 0000 0048 | 8954 2478 | 89b4 2494 | 0000 0089 | bc24 9000 
  0x00000292439f0020: 0000 4c89 | 8c24 8800 | 0000 498b | d84c 8bc3 | 4c8b c948 | 8bca 488b | d148 899c | 2480 0000 
  0x00000292439f0040: 0066 0f1f 

  0x00000292439f0044: ;   {optimized virtual_call}
  0x00000292439f0044: 4400 00e8 

  0x00000292439f0048: ; ImmutableOopMap {[120]=Oop [136]=Oop [128]=Oop }
                      ;*invokevirtual preDefineClass {reexecute=0 rethrow=0 return_oop=0}
                      ; - java.lang.ClassLoader::defineClass@4
  0x00000292439f0048: 7406 0000 | 4889 8424 | 9800 0000 

  0x00000292439f0054: ; implicit exception: dispatches to 0x00000292439f011a
  0x00000292439f0054: 448b 4010 | 4983 f800 | 0f85 0f00 

  0x00000292439f0060: ;   {oop(NULL)}
  0x00000292439f0060: 0000 48bb | 0000 0000 | 0000 0000 | e936 0000 | 0045 8b40 | 0c49 83f8 | 000f 850f 

  0x00000292439f007c: ;   {oop(NULL)}
  0x00000292439f007c: 0000 0048 | bb00 0000 | 0000 0000 | 00e9 1900 | 0000 418b | 5038 483b 

  0x00000292439f0094: ;   {optimized virtual_call}
  0x00000292439f0094: 0266 90e8 

  0x00000292439f0098: ; ImmutableOopMap {[120]=Oop [136]=Oop [128]=Oop [152]=Oop }
                      ;*invokevirtual toExternalForm {reexecute=0 rethrow=0 return_oop=0}
                      ; - java.net.URL::toExternalForm@5
                      ; - java.net.URL::toString@1
                      ; - java.lang.ClassLoader::defineClassSourceLocation@22
                      ; - java.lang.ClassLoader::defineClass@12
  0x00000292439f0098: 04af f5ff | 488b d848 | 8b84 2498 | 0000 008b | b424 9400 | 0000 8bbc | 2490 0000 | 004c 8b8c 
  0x00000292439f00b8: 2488 0000 | 004c 8b84 | 2480 0000 | 0048 8b54 | 2478 4c8b | da49 8bd3 | 488b c848 

  0x00000292439f00d4: ;   {static_call}
  0x00000292439f00d4: 891c 24e8 

  0x00000292439f00d8: ; ImmutableOopMap {[152]=Oop [120]=Oop }
                      ;*invokestatic defineClass1 {reexecute=0 rethrow=0 return_oop=0}
                      ; - java.lang.ClassLoader::defineClass@27
  0x00000292439f00d8: dcec ffff | 4c8b c04c | 8b8c 2498 | 0000 0048 | 8b54 2478 | 4889 8424 | a000 0000 

  0x00000292439f00f4: ;   {optimized virtual_call}
  0x00000292439f00f4: 6666 90e8 

  0x00000292439f00f8: ; ImmutableOopMap {[160]=Oop }
                      ;*invokevirtual postDefineClass {reexecute=0 rethrow=0 return_oop=0}
                      ; - java.lang.ClassLoader::defineClass@37
  0x00000292439f00f8: 0424 0000 | 488b 8424 | a000 0000 | 4881 c4b0 | 0000 005d 

  0x00000292439f010c: ;   {poll_return}
  0x00000292439f010c: 493b a750 | 0300 000f | 8715 0000 

  0x00000292439f0118: ;   {runtime_call throw_null_pointer_exception Runtime1 stub}
  0x00000292439f0118: 00c3 e801 

  0x00000292439f011c: ; ImmutableOopMap {[120]=Oop [136]=Oop [128]=Oop rax=Oop [152]=Oop }
                      ;*invokevirtual getCodeSource {reexecute=0 rethrow=0 return_oop=0}
                      ; - java.lang.ClassLoader::defineClassSourceLocation@1
                      ; - java.lang.ClassLoader::defineClass@12
                      ;   {runtime_call throw_null_pointer_exception Runtime1 stub}
  0x00000292439f011c: 24e1 ffe8 

  0x00000292439f0120: ; ImmutableOopMap {[120]=Oop [136]=Oop [128]=Oop rax=Oop [152]=Oop }
                      ;*invokevirtual getLocation {reexecute=0 rethrow=0 return_oop=0}
                      ; - java.lang.ClassLoader::defineClassSourceLocation@12
                      ; - java.lang.ClassLoader::defineClass@12
  0x00000292439f0120: fc23 e1ff 

  0x00000292439f0124: ;   {runtime_call throw_null_pointer_exception Runtime1 stub}
  0x00000292439f0124: e8f7 23e1 

  0x00000292439f0128: ; ImmutableOopMap {[120]=Oop [136]=Oop [128]=Oop [152]=Oop r8=Oop }
                      ;*invokevirtual toString {reexecute=0 rethrow=0 return_oop=0}
                      ; - java.lang.ClassLoader::defineClassSourceLocation@22
                      ; - java.lang.ClassLoader::defineClass@12
                      ;   {runtime_call throw_null_pointer_exception Runtime1 stub}
  0x00000292439f0128: ffe8 f223 

  0x00000292439f012c: ; ImmutableOopMap {[120]=Oop [136]=Oop [128]=Oop [152]=Oop r8=Oop rdx=Oop }
                      ;*invokevirtual toExternalForm {reexecute=0 rethrow=0 return_oop=0}
                      ; - java.net.URL::toExternalForm@5
                      ; - java.net.URL::toString@1
                      ; - java.lang.ClassLoader::defineClassSourceLocation@22
                      ; - java.lang.ClassLoader::defineClass@12
                      ;   {internal_word}
  0x00000292439f012c: e1ff 49ba | 0c01 9f43 | 9202 0000 | 4d89 9768 

  0x00000292439f013c: ;   {runtime_call SafepointBlob}
  0x00000292439f013c: 0300 00e9 | bc78 d7ff | 9090 498b | 87e0 0300 | 0049 c787 | e003 0000 | 0000 0000 | 49c7 87e8 
  0x00000292439f015c: 0300 0000 | 0000 0048 | 81c4 b000 

  0x00000292439f0168: ;   {runtime_call unwind_exception Runtime1 stub}
  0x00000292439f0168: 0000 5de9 | 9014 e1ff | f4f4 f4f4 | f4f4 f4f4 | f4f4 f4f4 | f4f4 f4f4 
[Stub Code]
  0x00000292439f0180: ;   {no_reloc}
  0x00000292439f0180: 0f1f 4400 

  0x00000292439f0184: ;   {static_stub}
  0x00000292439f0184: 0048 bb00 | 0000 0000 

  0x00000292439f018c: ;   {runtime_call}
  0x00000292439f018c: 0000 00e9 | fbff ffff 

  0x00000292439f0194: ;   {static_stub}
  0x00000292439f0194: 9048 bb00 | 0000 0000 

  0x00000292439f019c: ;   {runtime_call}
  0x00000292439f019c: 0000 00e9 | fbff ffff 

  0x00000292439f01a4: ;   {static_stub}
  0x00000292439f01a4: 9048 bb00 | 0000 0000 

  0x00000292439f01ac: ;   {runtime_call}
  0x00000292439f01ac: 0000 00e9 | fbff ffff 

  0x00000292439f01b4: ;   {static_stub}
  0x00000292439f01b4: 9048 bb00 | 0000 0000 

  0x00000292439f01bc: ;   {runtime_call}
  0x00000292439f01bc: 0000 00e9 | fbff ffff 
[Exception Handler]
  0x00000292439f01c4: ;   {runtime_call handle_exception_from_callee Runtime1 stub}
  0x00000292439f01c4: e837 41e1 

  0x00000292439f01c8: ;   {external_word}
  0x00000292439f01c8: ff48 b940 | 9a1f 51fe | 7f00 0048 

  0x00000292439f01d4: ;   {runtime_call}
  0x00000292439f01d4: 83e4 f049 | ba60 2de8 | 50fe 7f00 | 0041 ffd2 

  0x00000292439f01e4: ;   {section_word}
  0x00000292439f01e4: f449 bae5 | 019f 4392 | 0200 0041 

  0x00000292439f01f0: ;   {runtime_call DeoptimizationBlob}
  0x00000292439f01f0: 52e9 aa6a | d7ff f4f4 
[/MachCode]


Compiled method (c1)   31108  749       1       jdk.internal.loader.BuiltinClassLoader::defineClass (121 bytes)
 total in heap  [0x00000292439ca610,0x00000292439cb468] = 3672
 relocation     [0x00000292439ca768,0x00000292439ca898] = 304
 main code      [0x00000292439ca8a0,0x00000292439caea0] = 1536
 stub code      [0x00000292439caea0,0x00000292439cafe8] = 328
 metadata       [0x00000292439cafe8,0x00000292439cb030] = 72
 scopes data    [0x00000292439cb030,0x00000292439cb288] = 600
 scopes pcs     [0x00000292439cb288,0x00000292439cb428] = 416
 dependencies   [0x00000292439cb428,0x00000292439cb430] = 8
 handler table  [0x00000292439cb430,0x00000292439cb448] = 24
 nul chk table  [0x00000292439cb448,0x00000292439cb468] = 32

[Constant Pool (empty)]

[MachCode]
[Entry Point]
  # {method} {0x000002924c0c0980} 'defineClass' '(Ljava/lang/String;Ljdk/internal/loader/Resource;)Ljava/lang/Class;' in 'jdk/internal/loader/BuiltinClassLoader'
  # this:     rdx:rdx   = 'jdk/internal/loader/BuiltinClassLoader'
  # parm0:    r8:r8     = 'java/lang/String'
  # parm1:    r9:r9     = 'jdk/internal/loader/Resource'
  #           [sp+0x110]  (sp of caller)
  0x00000292439ca8a0: 448b 5208 | 49c1 e203 

  0x00000292439ca8a8: ;   {runtime_call ic_miss_stub}
  0x00000292439ca8a8: 4c3b d00f | 85cf 67d9 | ff66 6666 | 0f1f 8400 | 0000 0000 | 6666 6690 
[Verified Entry Point]
  0x00000292439ca8c0: 8984 2400 | 90ff ff55 | 4881 ec00 | 0100 0048 | 8994 24a0 | 0000 004c | 8984 2490 | 0000 004c 
  0x00000292439ca8e0: 898c 2498 | 0000 0049 | 8bd1 6666 | 9048 b8ff | ffff ffff 

  0x00000292439ca8f4: ;   {virtual_call}
  0x00000292439ca8f4: ffff ffe8 

  0x00000292439ca8f8: ; ImmutableOopMap {[152]=Oop [160]=Oop [144]=Oop }
                      ;*invokevirtual getCodeSourceURL {reexecute=0 rethrow=0 return_oop=0}
                      ; - jdk.internal.loader.BuiltinClassLoader::defineClass@1
  0x00000292439ca8f8: ec1f e4ff | 4889 8424 | a800 0000 | 4c8b 8424 | 9000 0000 

  0x00000292439ca90c: ; implicit exception: dispatches to 0x00000292439cada3
  0x00000292439ca90c: 418b 7014 

  0x00000292439ca910: ; implicit exception: dispatches to 0x00000292439cada8
  0x00000292439ca910: 8b56 0c45 | 0fbe 4810 | 498b c9c1 | e118 c1f9 | 18d3 fa48 | 8bfa ffcf | 4183 f900 | ba00 0000 
  0x00000292439ca930: 000f 8505 | 0000 00ba | 0100 0000 | 83e2 0183 | fa00 488b | d641 b82e | 0000 004c | 8bcf 0f84 
  0x00000292439ca950: 0d00 0000 

  0x00000292439ca954: ;   {static_call}
  0x00000292439ca954: 6666 90e8 

  0x00000292439ca958: ; ImmutableOopMap {[152]=Oop [160]=Oop [168]=Oop [144]=Oop }
                      ;*invokestatic lastIndexOf {reexecute=0 rethrow=0 return_oop=0}
                      ; - java.lang.String::lastIndexOf@13
                      ; - java.lang.String::lastIndexOf@8
                      ; - jdk.internal.loader.BuiltinClassLoader::defineClass@8
  0x00000292439ca958: c4ae e4ff | e90b 0000 | 0066 0f1f 

  0x00000292439ca964: ;   {static_call}
  0x00000292439ca964: 4400 00e8 

  0x00000292439ca968: ; ImmutableOopMap {[152]=Oop [160]=Oop [168]=Oop [144]=Oop }
                      ;*invokestatic lastIndexOf {reexecute=0 rethrow=0 return_oop=0}
                      ; - java.lang.String::lastIndexOf@25
                      ; - java.lang.String::lastIndexOf@8
                      ; - jdk.internal.loader.BuiltinClassLoader::defineClass@8
  0x00000292439ca968: 1470 d9ff | 83f8 ff0f | 8467 0000 | 0041 b800 | 0000 004c | 8bc8 488b | 9424 9000 

  0x00000292439ca984: ;   {optimized virtual_call}
  0x00000292439ca984: 0000 90e8 

  0x00000292439ca988: ; ImmutableOopMap {[152]=Oop [160]=Oop [168]=Oop [144]=Oop }
                      ;*invokevirtual substring {reexecute=0 rethrow=0 return_oop=0}
                      ; - jdk.internal.loader.BuiltinClassLoader::defineClass@23
  0x00000292439ca988: f463 f0ff | 488b 9424 | 9800 0000 | 4889 8424 | b000 0000 | 9048 b8ff | ffff ffff 

  0x00000292439ca9a4: ;   {virtual_call}
  0x00000292439ca9a4: ffff ffe8 

  0x00000292439ca9a8: ; ImmutableOopMap {[152]=Oop [160]=Oop [168]=Oop [144]=Oop [176]=Oop }
                      ;*invokevirtual getManifest {reexecute=0 rethrow=0 return_oop=0}
                      ; - jdk.internal.loader.BuiltinClassLoader::defineClass@29
  0x00000292439ca9a8: 9499 1300 | 4c8b 8424 | b000 0000 | 4c8b c848 | 8bbc 24a8 | 0000 0048 | 8b94 24a0 | 0000 0066 
  0x00000292439ca9c8: 0f1f 4400 | 0048 b8f0 | 1405 0001 

  0x00000292439ca9d4: ;   {virtual_call}
  0x00000292439ca9d4: 0000 00e8 

  0x00000292439ca9d8: ; ImmutableOopMap {[152]=Oop [160]=Oop [168]=Oop [144]=Oop }
                      ;*invokevirtual defineOrCheckPackage {reexecute=0 rethrow=0 return_oop=0}
                      ; - jdk.internal.loader.BuiltinClassLoader::defineClass@40
  0x00000292439ca9d8: 440c 0000 | 4c8b 8c24 | 9800 0000 | 488d 9424 | e000 0000 | 4c89 4a08 | 498b 0148 | 83c8 0148 
  0x00000292439ca9f8: 8902 f049 | 0fb1 110f | 8413 0000 | 0048 2bc4 | 4881 e007 | f0ff ff48 | 8902 0f85 | 9503 0000 
  0x00000292439caa18: 418b 510c | 4883 fa00 | 0f85 4700 | 0000 498b | d10f 1f40 | 0048 b8ff | ffff ffff 

  0x00000292439caa34: ;   {virtual_call}
  0x00000292439caa34: ffff ffe8 

  0x00000292439caa38: ; ImmutableOopMap {[160]=Oop [168]=Oop [144]=Oop [152]=Oop [232]=Oop }
                      ;*invokevirtual getInputStream {reexecute=0 rethrow=0 return_oop=0}
                      ; - jdk.internal.loader.Resource::cachedInputStream@9
                      ; - jdk.internal.loader.Resource::getByteBuffer@1
                      ; - jdk.internal.loader.BuiltinClassLoader::defineClass@45
  0x00000292439caa38: 0c1b e4ff | 410f be57 | 3883 fa00 | 4c8b 8c24 | 9800 0000 | 0f85 6e03 | 0000 4c8b | d045 8951 
  0x00000292439caa58: 0c49 8bd1 | 4833 d048 | c1ea 1448 | 83fa 000f | 856f 0300 | 0041 8b51 | 0c48 8d84 | 24e0 0000 
  0x00000292439caa78: 0048 8b30 | 4885 f60f | 840f 0000 | 0048 8b78 | 08f0 480f | b137 0f85 | 6003 0000 | 4883 fa00 
  0x00000292439caa98: 0f84 3b00 

  0x00000292439caa9c: ;   {metadata('sun/nio/ByteBuffered')}
  0x00000292439caa9c: 0000 48b8 | 40a6 0200 | 0100 0000 | 8b5a 0848 | c1e3 0348 | 3b43 200f | 8425 0000 | 0048 3bd8 
  0x00000292439caabc: 0f84 1c00 | 0000 5350 

  0x00000292439caac4: ;   {runtime_call slow_subtype_check Runtime1 stub}
  0x00000292439caac4: e837 a4e3 | ff5b 5b83 | fb00 0f84 | 0500 0000 | e905 0000 | 0048 33f6 | eb0a 48be | 0100 0000 
  0x00000292439caae4: 0000 0000 | 83fe 000f | 8460 0000 | 0048 83fa | 000f 843b 

  0x00000292439caaf8: ;   {metadata('sun/nio/ByteBuffered')}
  0x00000292439caaf8: 0000 0048 | bb40 a602 | 0001 0000 | 008b 7a08 | 48c1 e703 | 483b 5f20 | 0f84 2000 | 0000 483b 
  0x00000292439cab18: fb0f 8417 | 0000 0057 

  0x00000292439cab20: ;   {runtime_call slow_subtype_check Runtime1 stub}
  0x00000292439cab20: 53e8 daa3 | e3ff 5f5f | 83ff 000f | 84d9 0200 | 00e9 0000 | 0000 0f1f | 8000 0000 | 0048 b8ff 
  0x00000292439cab40: ffff ffff 

  0x00000292439cab44: ;   {virtual_call}
  0x00000292439cab44: ffff ffe8 

  0x00000292439cab48: ; ImmutableOopMap {[160]=Oop [168]=Oop [144]=Oop [152]=Oop }
                      ;*invokeinterface getByteBuffer {reexecute=0 rethrow=0 return_oop=0}
                      ; - jdk.internal.loader.Resource::getByteBuffer@16
                      ; - jdk.internal.loader.BuiltinClassLoader::defineClass@45
  0x00000292439cab48: 346b d9ff | e90a 0000 

  0x00000292439cab50: ;   {oop(NULL)}
  0x00000292439cab50: 0048 b800 | 0000 0000 | 0000 0048 | 83f8 000f | 84dd 0000 | 0048 8984 | 24b8 0000 | 0048 8b94 
  0x00000292439cab70: 2498 0000 | 0048 b8ff | ffff ffff 

  0x00000292439cab7c: ;   {virtual_call}
  0x00000292439cab7c: ffff ffe8 

  0x00000292439cab80: ; ImmutableOopMap {[160]=Oop [168]=Oop [144]=Oop [184]=Oop }
                      ;*invokevirtual getCodeSigners {reexecute=0 rethrow=0 return_oop=0}
                      ; - jdk.internal.loader.BuiltinClassLoader::defineClass@56
  0x00000292439cab80: fc6a d9ff 

  0x00000292439cab84: ;   {metadata('java/security/CodeSource')}
  0x00000292439cab84: 4c8b c848 | ba68 1b05 | 0001 0000 | 0049 8b87 | 0801 0000 | 488d 7828 | 493b bf18 | 0100 000f 
  0x00000292439caba4: 876a 0200 | 0049 89bf | 0801 0000 | 48c7 0001 | 0000 0048 | 8bca 48c1 | e903 8948 | 0848 33c9 
  0x00000292439cabc4: 8948 0c48 | 33c9 4889 | 4810 4889 | 4818 4889 | 4820 4c8b | 8424 a800 | 0000 488b | d048 8984 
  0x00000292439cabe4: 24c0 0000 | 0066 0f1f 

  0x00000292439cabec: ;   {optimized virtual_call}
  0x00000292439cabec: 4400 00e8 

  0x00000292439cabf0: ; ImmutableOopMap {[160]=Oop [144]=Oop [184]=Oop [192]=Oop }
                      ;*invokespecial <init> {reexecute=0 rethrow=0 return_oop=0}
                      ; - jdk.internal.loader.BuiltinClassLoader::defineClass@68
  0x00000292439cabf0: 8c67 d9ff | 4c8b 8424 | c000 0000 | 488b 9424 | a000 0000 

  0x00000292439cac04: ;   {optimized virtual_call}
  0x00000292439cac04: 6666 90e8 

  0x00000292439cac08: ; ImmutableOopMap {[160]=Oop [144]=Oop [184]=Oop }
                      ;*invokevirtual getProtectionDomain {reexecute=0 rethrow=0 return_oop=0}
                      ; - java.security.SecureClassLoader::defineClass@5
                      ; - jdk.internal.loader.BuiltinClassLoader::defineClass@79
  0x00000292439cac08: 7467 d9ff | 4c8b 8424 | 9000 0000 | 4c8b 8c24 | b800 0000 | 488b f848 | 8b94 24a0 

  0x00000292439cac24: ;   {optimized virtual_call}
  0x00000292439cac24: 0000 00e8 

  0x00000292439cac28: ; ImmutableOopMap {}
                      ;*invokevirtual defineClass {reexecute=0 rethrow=0 return_oop=0}
                      ; - java.security.SecureClassLoader::defineClass@8
                      ; - jdk.internal.loader.BuiltinClassLoader::defineClass@79
  0x00000292439cac28: 5467 d9ff | 4881 c400 | 0100 005d 

  0x00000292439cac34: ;   {poll_return}
  0x00000292439cac34: 493b a750 | 0300 000f | 87df 0100 | 00c3 4c8b | 8c24 9800 | 0000 498b | d148 b8ff | ffff ffff 
  0x00000292439cac54: ;   {virtual_call}
  0x00000292439cac54: ffff ffe8 

  0x00000292439cac58: ; ImmutableOopMap {[160]=Oop [144]=Oop [152]=Oop [168]=Oop }
                      ;*invokevirtual getBytes {reexecute=0 rethrow=0 return_oop=0}
                      ; - jdk.internal.loader.BuiltinClassLoader::defineClass@84
  0x00000292439cac58: 8c1a e4ff | 4889 8424 | c800 0000 | 488b 9424 | 9800 0000 | 9048 b8ff | ffff ffff 

  0x00000292439cac74: ;   {virtual_call}
  0x00000292439cac74: ffff ffe8 

  0x00000292439cac78: ; ImmutableOopMap {[160]=Oop [144]=Oop [168]=Oop [200]=Oop }
                      ;*invokevirtual getCodeSigners {reexecute=0 rethrow=0 return_oop=0}
                      ; - jdk.internal.loader.BuiltinClassLoader::defineClass@90
  0x00000292439cac78: 9c9a 1300 

  0x00000292439cac7c: ;   {metadata('java/security/CodeSource')}
  0x00000292439cac7c: 4c8b c848 | ba68 1b05 | 0001 0000 | 0049 8b87 | 0801 0000 | 488d 7828 | 493b bf18 | 0100 000f 
  0x00000292439cac9c: 8795 0100 | 0049 89bf | 0801 0000 | 48c7 0001 | 0000 0048 | 8bca 48c1 | e903 8948 | 0848 33c9 
  0x00000292439cacbc: 8948 0c48 | 33c9 4889 | 4810 4889 | 4818 4889 | 4820 4c8b | 8424 a800 | 0000 488b | d048 8984 
  0x00000292439cacdc: 24d0 0000 | 0066 0f1f 

  0x00000292439cace4: ;   {optimized virtual_call}
  0x00000292439cace4: 4400 00e8 

  0x00000292439cace8: ; ImmutableOopMap {[160]=Oop [144]=Oop [200]=Oop [208]=Oop }
                      ;*invokespecial <init> {reexecute=0 rethrow=0 return_oop=0}
                      ; - jdk.internal.loader.BuiltinClassLoader::defineClass@102
  0x00000292439cace8: f434 0000 | 488b 8424 | c800 0000 

  0x00000292439cacf4: ; implicit exception: dispatches to 0x00000292439cae43
  0x00000292439cacf4: 8b70 0c4c | 8b84 24d0 | 0000 0048 | 8b94 24a0 | 0000 0089 | b424 d800 

  0x00000292439cad0c: ;   {optimized virtual_call}
  0x00000292439cad0c: 0000 90e8 

  0x00000292439cad10: ; ImmutableOopMap {[160]=Oop [144]=Oop [200]=Oop }
                      ;*invokevirtual getProtectionDomain {reexecute=0 rethrow=0 return_oop=0}
                      ; - java.security.SecureClassLoader::defineClass@9
                      ; - jdk.internal.loader.BuiltinClassLoader::defineClass@117
  0x00000292439cad10: cc48 0200 | 4c8b 8424 | 9000 0000 | 4c8b 8c24 | c800 0000 | bf00 0000 | 008b b424 | d800 0000 
  0x00000292439cad30: 488b c848 | 8b94 24a0 | 0000 000f 

  0x00000292439cad3c: ;   {optimized virtual_call}
  0x00000292439cad3c: 1f40 00e8 

  0x00000292439cad40: ; ImmutableOopMap {}
                      ;*invokevirtual defineClass {reexecute=0 rethrow=0 return_oop=0}
                      ; - java.security.SecureClassLoader::defineClass@12
                      ; - jdk.internal.loader.BuiltinClassLoader::defineClass@117
  0x00000292439cad40: bc52 0200 | 4881 c400 | 0100 005d 

  0x00000292439cad4c: ;   {poll_return}
  0x00000292439cad4c: 493b a750 | 0300 000f | 87ef 0000 | 00c3 498b | 87e0 0300 | 004d 33d2 | 4d89 97e0 | 0300 004d 
  0x00000292439cad6c: 33d2 4d89 | 97e8 0300 | 0048 8bf0 | 488d 8424 | e000 0000 | 488b 3848 | 85ff 0f84 | 0f00 0000 
  0x00000292439cad8c: 488b 5808 | f048 0fb1 | 3b0f 85c3 | 0000 0048 | 8bc6 e9f0 

  0x00000292439cada0: ;   {runtime_call throw_null_pointer_exception Runtime1 stub}
  0x00000292439cada0: 0000 00e8 

  0x00000292439cada4: ; ImmutableOopMap {[152]=Oop [160]=Oop rax=Oop [168]=Oop r8=Oop [144]=Oop }
                      ;*invokevirtual lastIndexOf {reexecute=0 rethrow=0 return_oop=0}
                      ; - jdk.internal.loader.BuiltinClassLoader::defineClass@8
  0x00000292439cada4: 7877 e3ff 

  0x00000292439cada8: ;   {runtime_call throw_null_pointer_exception Runtime1 stub}
  0x00000292439cada8: e873 77e3 

  0x00000292439cadac: ; ImmutableOopMap {[152]=Oop [160]=Oop rax=Oop [168]=Oop r8=Oop [144]=Oop rsi=Oop }
                      ;*arraylength {reexecute=0 rethrow=0 return_oop=0}
                      ; - java.lang.String::length@4
                      ; - java.lang.String::lastIndexOf@3
                      ; - jdk.internal.loader.BuiltinClassLoader::defineClass@8
  0x00000292439cadac: ff4c 894c | 2408 4889 

  0x00000292439cadb4: ;   {runtime_call monitorenter_nofpu Runtime1 stub}
  0x00000292439cadb4: 1424 e845 

  0x00000292439cadb8: ; ImmutableOopMap {[160]=Oop [168]=Oop [144]=Oop r9=Oop [152]=Oop [232]=Oop }
                      ;*synchronization entry
                      ; - jdk.internal.loader.Resource::cachedInputStream@-1
                      ; - jdk.internal.loader.Resource::getByteBuffer@1
                      ; - jdk.internal.loader.BuiltinClassLoader::defineClass@45
  0x00000292439cadb8: a7e3 ffe9 | 58fc ffff | 418b 510c | 4883 fa00 | 0f84 84fc | ffff 4889 

  0x00000292439cadd0: ;   {runtime_call g1_pre_barrier_slow}
  0x00000292439cadd0: 1424 e829 | cee3 ffe9 | 76fc ffff | 4883 f800 | 0f84 87fc | ffff 4c89 

  0x00000292439cade8: ;   {runtime_call g1_post_barrier_slow}
  0x00000292439cade8: 0c24 e811 | d1e3 ffe9 | 79fc ffff | 488d 8424 | e000 0000 | 4889 0424 

  0x00000292439cae00: ;   {runtime_call monitorexit_nofpu Runtime1 stub}
  0x00000292439cae00: e8fb ace3 | ffe9 8afc | ffff 4889 

  0x00000292439cae0c: ;   {runtime_call throw_class_cast_exception Runtime1 stub}
  0x00000292439cae0c: 1424 e80d 

  0x00000292439cae10: ; ImmutableOopMap {[160]=Oop [168]=Oop [144]=Oop [152]=Oop }
                      ;*checkcast {reexecute=0 rethrow=0 return_oop=0}
                      ; - jdk.internal.loader.Resource::getByteBuffer@13
                      ; - jdk.internal.loader.BuiltinClassLoader::defineClass@45
  0x00000292439cae10: 9be3 ff48 

  0x00000292439cae14: ;   {runtime_call fast_new_instance Runtime1 stub}
  0x00000292439cae14: 8bd2 e8e5 

  0x00000292439cae18: ; ImmutableOopMap {[160]=Oop [168]=Oop [144]=Oop [184]=Oop r9=Oop }
                      ;*new {reexecute=0 rethrow=0 return_oop=0}
                      ; - jdk.internal.loader.BuiltinClassLoader::defineClass@61
  0x00000292439cae18: 7fe3 ffe9 | b6fd ffff 

  0x00000292439cae20: ;   {internal_word}
  0x00000292439cae20: 49ba 34ac | 9c43 9202 | 0000 4d89 | 9768 0300 

  0x00000292439cae30: ;   {runtime_call SafepointBlob}
  0x00000292439cae30: 00e9 cacb | d9ff 488b 

  0x00000292439cae38: ;   {runtime_call fast_new_instance Runtime1 stub}
  0x00000292439cae38: d2e8 c27f 

  0x00000292439cae3c: ; ImmutableOopMap {[160]=Oop [144]=Oop [168]=Oop [200]=Oop r9=Oop }
                      ;*new {reexecute=0 rethrow=0 return_oop=0}
                      ; - jdk.internal.loader.BuiltinClassLoader::defineClass@95
  0x00000292439cae3c: e3ff e98b 

  0x00000292439cae40: ;   {runtime_call throw_null_pointer_exception Runtime1 stub}
  0x00000292439cae40: feff ffe8 

  0x00000292439cae44: ; ImmutableOopMap {[160]=Oop [144]=Oop [208]=Oop rax=Oop [200]=Oop }
                      ;*arraylength {reexecute=0 rethrow=0 return_oop=0}
                      ; - jdk.internal.loader.BuiltinClassLoader::defineClass@114
  0x00000292439cae44: d876 e3ff 

  0x00000292439cae48: ;   {internal_word}
  0x00000292439cae48: 49ba 4cad | 9c43 9202 | 0000 4d89 | 9768 0300 

  0x00000292439cae58: ;   {runtime_call SafepointBlob}
  0x00000292439cae58: 00e9 a2cb | d9ff 488d | 8424 e000 | 0000 4889 

  0x00000292439cae68: ;   {runtime_call monitorexit_nofpu Runtime1 stub}
  0x00000292439cae68: 0424 e891 | ace3 ffe9 | 27ff ffff | 9090 498b | 87e0 0300 | 0049 c787 | e003 0000 | 0000 0000 
  0x00000292439cae88: 49c7 87e8 | 0300 0000 | 0000 0048 | 81c4 0001 

  0x00000292439cae98: ;   {runtime_call unwind_exception Runtime1 stub}
  0x00000292439cae98: 0000 5de9 | 6067 e3ff 
[Stub Code]
  0x00000292439caea0: ;   {no_reloc}
  0x00000292439caea0: 0f1f 4400 

  0x00000292439caea4: ;   {static_stub}
  0x00000292439caea4: 0048 bb00 | 0000 0000 

  0x00000292439caeac: ;   {runtime_call}
  0x00000292439caeac: 0000 00e9 | fbff ffff 

  0x00000292439caeb4: ;   {static_stub}
  0x00000292439caeb4: 9048 bb00 | 0000 0000 

  0x00000292439caebc: ;   {runtime_call}
  0x00000292439caebc: 0000 00e9 | fbff ffff 

  0x00000292439caec4: ;   {static_stub}
  0x00000292439caec4: 9048 bb00 | 0000 0000 

  0x00000292439caecc: ;   {runtime_call}
  0x00000292439caecc: 0000 00e9 | fbff ffff 

  0x00000292439caed4: ;   {static_stub}
  0x00000292439caed4: 9048 bb00 | 0000 0000 

  0x00000292439caedc: ;   {runtime_call}
  0x00000292439caedc: 0000 00e9 | fbff ffff 

  0x00000292439caee4: ;   {static_stub}
  0x00000292439caee4: 9048 bb00 | 0000 0000 

  0x00000292439caeec: ;   {runtime_call}
  0x00000292439caeec: 0000 00e9 | fbff ffff 

  0x00000292439caef4: ;   {static_stub}
  0x00000292439caef4: 9048 bb00 | 0000 0000 

  0x00000292439caefc: ;   {runtime_call}
  0x00000292439caefc: 0000 00e9 | fbff ffff 

  0x00000292439caf04: ;   {static_stub}
  0x00000292439caf04: 9048 bb00 | 0000 0000 

  0x00000292439caf0c: ;   {runtime_call}
  0x00000292439caf0c: 0000 00e9 | fbff ffff 

  0x00000292439caf14: ;   {static_stub}
  0x00000292439caf14: 9048 bb00 | 0000 0000 

  0x00000292439caf1c: ;   {runtime_call}
  0x00000292439caf1c: 0000 00e9 | fbff ffff 

  0x00000292439caf24: ;   {static_stub}
  0x00000292439caf24: 9048 bb00 | 0000 0000 

  0x00000292439caf2c: ;   {runtime_call}
  0x00000292439caf2c: 0000 00e9 | fbff ffff 

  0x00000292439caf34: ;   {static_stub}
  0x00000292439caf34: 9048 bb00 | 0000 0000 

  0x00000292439caf3c: ;   {runtime_call}
  0x00000292439caf3c: 0000 00e9 | fbff ffff 

  0x00000292439caf44: ;   {static_stub}
  0x00000292439caf44: 9048 bb00 | 0000 0000 

  0x00000292439caf4c: ;   {runtime_call}
  0x00000292439caf4c: 0000 00e9 | fbff ffff 

  0x00000292439caf54: ;   {static_stub}
  0x00000292439caf54: 9048 bb00 | 0000 0000 

  0x00000292439caf5c: ;   {runtime_call}
  0x00000292439caf5c: 0000 00e9 | fbff ffff 

  0x00000292439caf64: ;   {static_stub}
  0x00000292439caf64: 9048 bb00 | 0000 0000 

  0x00000292439caf6c: ;   {runtime_call}
  0x00000292439caf6c: 0000 00e9 | fbff ffff 

  0x00000292439caf74: ;   {static_stub}
  0x00000292439caf74: 9048 bb00 | 0000 0000 

  0x00000292439caf7c: ;   {runtime_call}
  0x00000292439caf7c: 0000 00e9 | fbff ffff 

  0x00000292439caf84: ;   {static_stub}
  0x00000292439caf84: 9048 bb00 | 0000 0000 

  0x00000292439caf8c: ;   {runtime_call}
  0x00000292439caf8c: 0000 00e9 | fbff ffff 

  0x00000292439caf94: ;   {static_stub}
  0x00000292439caf94: 9048 bbb8 | 1e03 4c92 

  0x00000292439caf9c: ;   {runtime_call I2C/C2I adapters}
  0x00000292439caf9c: 0200 00e9 | b0b6 d9ff 

  0x00000292439cafa4: ;   {static_stub}
  0x00000292439cafa4: 9048 bbe0 | dc01 4c92 

  0x00000292439cafac: ;   {runtime_call I2C/C2I adapters}
  0x00000292439cafac: 0200 00e9 | 2ec7 d8ff 
[Exception Handler]
  0x00000292439cafb4: ;   {runtime_call handle_exception_from_callee Runtime1 stub}
  0x00000292439cafb4: e847 93e3 

  0x00000292439cafb8: ;   {external_word}
  0x00000292439cafb8: ff48 b940 | 9a1f 51fe | 7f00 0048 

  0x00000292439cafc4: ;   {runtime_call}
  0x00000292439cafc4: 83e4 f049 | ba60 2de8 | 50fe 7f00 | 0041 ffd2 

  0x00000292439cafd4: ;   {section_word}
  0x00000292439cafd4: f449 bad5 | af9c 4392 | 0200 0041 

  0x00000292439cafe0: ;   {runtime_call DeoptimizationBlob}
  0x00000292439cafe0: 52e9 babc | d9ff f4f4 
[/MachCode]


---------------  P R O C E S S  ---------------

Threads class SMR info:
_java_thread_list=0x0000029250d38d90, length=11, elements={
0x000002923f289bb0, 0x000002924b7ab370, 0x000002924b7ac100, 0x000002924b7e4010,
0x000002924b7e5af0, 0x000002924b93a890, 0x000002924b93b160, 0x000002924b93daf0,
0x000002924b93e400, 0x000002924bb39060, 0x000002924bb360a0
}

Java Threads: ( => current thread )
=>0x000002923f289bb0 JavaThread "main" [_thread_in_vm, id=3200, stack(0x000000c30d000000,0x000000c30d100000)]
  0x000002924b7ab370 JavaThread "Reference Handler" daemon [_thread_blocked, id=1836, stack(0x000000c30d700000,0x000000c30d800000)]
  0x000002924b7ac100 JavaThread "Finalizer" daemon [_thread_blocked, id=29748, stack(0x000000c30d800000,0x000000c30d900000)]
  0x000002924b7e4010 JavaThread "Signal Dispatcher" daemon [_thread_blocked, id=25604, stack(0x000000c30d900000,0x000000c30da00000)]
  0x000002924b7e5af0 JavaThread "Attach Listener" daemon [_thread_blocked, id=27704, stack(0x000000c30da00000,0x000000c30db00000)]
  0x000002924b93a890 JavaThread "Service Thread" daemon [_thread_blocked, id=27680, stack(0x000000c30db00000,0x000000c30dc00000)]
  0x000002924b93b160 JavaThread "Monitor Deflation Thread" daemon [_thread_blocked, id=21036, stack(0x000000c30dc00000,0x000000c30dd00000)]
  0x000002924b93daf0 JavaThread "C1 CompilerThread0" daemon [_thread_blocked, id=8368, stack(0x000000c30dd00000,0x000000c30de00000)]
  0x000002924b93e400 JavaThread "Sweeper thread" daemon [_thread_blocked, id=28168, stack(0x000000c30de00000,0x000000c30df00000)]
  0x000002924bb39060 JavaThread "Notification Thread" daemon [_thread_blocked, id=13192, stack(0x000000c30e000000,0x000000c30e100000)]
  0x000002924bb360a0 JavaThread "Common-Cleaner" daemon [_thread_blocked, id=5564, stack(0x000000c30e200000,0x000000c30e300000)]

Other Threads:
  0x000002924b796040 VMThread "VM Thread" [stack: 0x000000c30d600000,0x000000c30d700000] [id=1408] _threads_hazard_ptr=0x0000029250d38d90
  0x000002924bb39540 WatcherThread [stack: 0x000000c30e100000,0x000000c30e200000] [id=7664]
  0x000002923f2c5060 GCTaskThread "GC Thread#0" [stack: 0x000000c30d100000,0x000000c30d200000] [id=8344]
  0x0000029250478710 GCTaskThread "GC Thread#1" [stack: 0x000000c30e300000,0x000000c30e400000] [id=15184]
  0x00000292504789d0 GCTaskThread "GC Thread#2" [stack: 0x000000c30e400000,0x000000c30e500000] [id=29076]
  0x000002925074aa10 GCTaskThread "GC Thread#3" [stack: 0x000000c30e500000,0x000000c30e600000] [id=1636]
  0x000002923f2cdec0 ConcurrentGCThread "G1 Main Marker" [stack: 0x000000c30d200000,0x000000c30d300000] [id=29832]
  0x000002923f2ce7f0 ConcurrentGCThread "G1 Conc#0" [stack: 0x000000c30d300000,0x000000c30d400000] [id=30072]
  0x000002923f324790 ConcurrentGCThread "G1 Refine#0" [stack: 0x000000c30d400000,0x000000c30d500000] [id=15920]
  0x000002923f3250d0 ConcurrentGCThread "G1 Service" [stack: 0x000000c30d500000,0x000000c30d600000] [id=5340]

Threads with active compile tasks:

VM state: synchronizing (normal execution)

VM Mutex/Monitor currently owned by a thread:  ([mutex/lock_event])
[0x000002923f11ffb0] Metaspace_lock - owner thread: 0x000002923f289bb0
[0x000002923f120670] Threads_lock - owner thread: 0x000002924b796040

Heap address: 0x00000000c0000000, size: 1024 MB, Compressed Oops mode: 32-bit

CDS archive(s) not mapped
Compressed class space mapped at: 0x0000000100000000-0x0000000140000000, reserved size: 1073741824
Narrow klass base: 0x0000000000000000, Narrow klass shift: 3, Narrow klass range: 0x140000000

GC Precious Log:
 CPUs: 4 total, 4 available
 Memory: 8025M
 Large Page Support: Disabled
 NUMA Support: Disabled
 Compressed Oops: Enabled (32-bit)
 Heap Region Size: 1M
 Heap Min Capacity: 8M
 Heap Initial Capacity: 126M
 Heap Max Capacity: 1G
 Pre-touch: Disabled
 Parallel Workers: 4
 Concurrent Workers: 1
 Concurrent Refinement Workers: 4
 Periodic GC: Disabled

Heap:
 garbage-first heap   total 71680K, used 47646K [0x00000000c0000000, 0x0000000100000000)
  region size 1024K, 26 young (26624K), 2 survivors (2048K)
 Metaspace       used 35332K, committed 35712K, reserved 1114112K
  class space    used 4542K, committed 4736K, reserved 1048576K

Heap Regions: E=young(eden), S=young(survivor), O=old, HS=humongous(starts), HC=humongous(continues), CS=collection set, F=free, OA=open archive, CA=closed archive, TAMS=top-at-mark-start (previous, next)
|   0|0x00000000c0000000, 0x00000000c0100000, 0x00000000c0100000|100%|HS|  |TAMS 0x00000000c0100000, 0x00000000c0000000| Complete 
|   1|0x00000000c0100000, 0x00000000c0200000, 0x00000000c0200000|100%|HC|  |TAMS 0x00000000c0200000, 0x00000000c0100000| Complete 
|   2|0x00000000c0200000, 0x00000000c0300000, 0x00000000c0300000|100%|HC|  |TAMS 0x00000000c0300000, 0x00000000c0200000| Complete 
|   3|0x00000000c0300000, 0x00000000c0400000, 0x00000000c0400000|100%|HC|  |TAMS 0x00000000c0400000, 0x00000000c0300000| Complete 
|   4|0x00000000c0400000, 0x00000000c0500000, 0x00000000c0500000|100%| O|  |TAMS 0x00000000c0500000, 0x00000000c0400000| Untracked 
|   5|0x00000000c0500000, 0x00000000c0600000, 0x00000000c0600000|100%| O|  |TAMS 0x00000000c0600000, 0x00000000c0500000| Untracked 
|   6|0x00000000c0600000, 0x00000000c0700000, 0x00000000c0700000|100%| O|  |TAMS 0x00000000c0700000, 0x00000000c0600000| Untracked 
|   7|0x00000000c0700000, 0x00000000c0800000, 0x00000000c0800000|100%| O|  |TAMS 0x00000000c0800000, 0x00000000c0700000| Untracked 
|   8|0x00000000c0800000, 0x00000000c0900000, 0x00000000c0900000|100%| O|  |TAMS 0x00000000c0900000, 0x00000000c0800000| Untracked 
|   9|0x00000000c0900000, 0x00000000c0a00000, 0x00000000c0a00000|100%| O|  |TAMS 0x00000000c0a00000, 0x00000000c0900000| Untracked 
|  10|0x00000000c0a00000, 0x00000000c0b00000, 0x00000000c0b00000|100%|HS|  |TAMS 0x00000000c0b00000, 0x00000000c0a00000| Complete 
|  11|0x00000000c0b00000, 0x00000000c0c00000, 0x00000000c0c00000|100%|HC|  |TAMS 0x00000000c0c00000, 0x00000000c0b00000| Complete 
|  12|0x00000000c0c00000, 0x00000000c0d00000, 0x00000000c0d00000|100%| O|  |TAMS 0x00000000c0d00000, 0x00000000c0c00000| Untracked 
|  13|0x00000000c0d00000, 0x00000000c0d00000, 0x00000000c0e00000|  0%| F|  |TAMS 0x00000000c0d00000, 0x00000000c0d00000| Untracked 
|  14|0x00000000c0e00000, 0x00000000c0f00000, 0x00000000c0f00000|100%| O|  |TAMS 0x00000000c0e00000, 0x00000000c0e00000| Untracked 
|  15|0x00000000c0f00000, 0x00000000c1000000, 0x00000000c1000000|100%| O|  |TAMS 0x00000000c0f00000, 0x00000000c0f00000| Untracked 
|  16|0x00000000c1000000, 0x00000000c1100000, 0x00000000c1100000|100%| O|  |TAMS 0x00000000c1000000, 0x00000000c1000000| Untracked 
|  17|0x00000000c1100000, 0x00000000c1200000, 0x00000000c1200000|100%| O|  |TAMS 0x00000000c1100000, 0x00000000c1100000| Untracked 
|  18|0x00000000c1200000, 0x00000000c1300000, 0x00000000c1300000|100%| O|  |TAMS 0x00000000c1200000, 0x00000000c1200000| Untracked 
|  19|0x00000000c1300000, 0x00000000c1400000, 0x00000000c1400000|100%| O|  |TAMS 0x00000000c1300000, 0x00000000c1300000| Untracked 
|  20|0x00000000c1400000, 0x00000000c1500000, 0x00000000c1500000|100%| O|  |TAMS 0x00000000c1400000, 0x00000000c1400000| Untracked 
|  21|0x00000000c1500000, 0x00000000c1600000, 0x00000000c1600000|100%| O|  |TAMS 0x00000000c1500000, 0x00000000c1500000| Untracked 
|  22|0x00000000c1600000, 0x00000000c1700000, 0x00000000c1700000|100%| O|  |TAMS 0x00000000c1600000, 0x00000000c1600000| Untracked 
|  23|0x00000000c1700000, 0x00000000c17a9c00, 0x00000000c1800000| 66%| O|  |TAMS 0x00000000c1700000, 0x00000000c1700000| Untracked 
|  24|0x00000000c1800000, 0x00000000c1800000, 0x00000000c1900000|  0%| F|  |TAMS 0x00000000c1800000, 0x00000000c1800000| Untracked 
|  25|0x00000000c1900000, 0x00000000c1900000, 0x00000000c1a00000|  0%| F|  |TAMS 0x00000000c1900000, 0x00000000c1900000| Untracked 
|  26|0x00000000c1a00000, 0x00000000c1a00000, 0x00000000c1b00000|  0%| F|  |TAMS 0x00000000c1a00000, 0x00000000c1a00000| Untracked 
|  27|0x00000000c1b00000, 0x00000000c1b00000, 0x00000000c1c00000|  0%| F|  |TAMS 0x00000000c1b00000, 0x00000000c1b00000| Untracked 
|  28|0x00000000c1c00000, 0x00000000c1c00000, 0x00000000c1d00000|  0%| F|  |TAMS 0x00000000c1c00000, 0x00000000c1c00000| Untracked 
|  29|0x00000000c1d00000, 0x00000000c1d00000, 0x00000000c1e00000|  0%| F|  |TAMS 0x00000000c1d00000, 0x00000000c1d00000| Untracked 
|  30|0x00000000c1e00000, 0x00000000c1e00000, 0x00000000c1f00000|  0%| F|  |TAMS 0x00000000c1e00000, 0x00000000c1e00000| Untracked 
|  31|0x00000000c1f00000, 0x00000000c1f00000, 0x00000000c2000000|  0%| F|  |TAMS 0x00000000c1f00000, 0x00000000c1f00000| Untracked 
|  32|0x00000000c2000000, 0x00000000c2000000, 0x00000000c2100000|  0%| F|  |TAMS 0x00000000c2000000, 0x00000000c2000000| Untracked 
|  33|0x00000000c2100000, 0x00000000c2100000, 0x00000000c2200000|  0%| F|  |TAMS 0x00000000c2100000, 0x00000000c2100000| Untracked 
|  34|0x00000000c2200000, 0x00000000c2200000, 0x00000000c2300000|  0%| F|  |TAMS 0x00000000c2200000, 0x00000000c2200000| Untracked 
|  35|0x00000000c2300000, 0x00000000c2300000, 0x00000000c2400000|  0%| F|  |TAMS 0x00000000c2300000, 0x00000000c2300000| Untracked 
|  36|0x00000000c2400000, 0x00000000c2400000, 0x00000000c2500000|  0%| F|  |TAMS 0x00000000c2400000, 0x00000000c2400000| Untracked 
|  37|0x00000000c2500000, 0x00000000c2500000, 0x00000000c2600000|  0%| F|  |TAMS 0x00000000c2500000, 0x00000000c2500000| Untracked 
|  38|0x00000000c2600000, 0x00000000c2600000, 0x00000000c2700000|  0%| F|  |TAMS 0x00000000c2600000, 0x00000000c2600000| Untracked 
|  39|0x00000000c2700000, 0x00000000c2700000, 0x00000000c2800000|  0%| F|  |TAMS 0x00000000c2700000, 0x00000000c2700000| Untracked 
|  40|0x00000000c2800000, 0x00000000c2800000, 0x00000000c2900000|  0%| F|  |TAMS 0x00000000c2800000, 0x00000000c2800000| Untracked 
|  41|0x00000000c2900000, 0x00000000c2900000, 0x00000000c2a00000|  0%| F|  |TAMS 0x00000000c2900000, 0x00000000c2900000| Untracked 
|  42|0x00000000c2a00000, 0x00000000c2a00000, 0x00000000c2b00000|  0%| F|  |TAMS 0x00000000c2a00000, 0x00000000c2a00000| Untracked 
|  43|0x00000000c2b00000, 0x00000000c2bddc20, 0x00000000c2c00000| 86%| S|CS|TAMS 0x00000000c2b00000, 0x00000000c2b00000| Complete 
|  44|0x00000000c2c00000, 0x00000000c2d00000, 0x00000000c2d00000|100%| S|CS|TAMS 0x00000000c2c00000, 0x00000000c2c00000| Complete 
|  45|0x00000000c2d00000, 0x00000000c2d00000, 0x00000000c2e00000|  0%| F|  |TAMS 0x00000000c2d00000, 0x00000000c2d00000| Untracked 
|  46|0x00000000c2e00000, 0x00000000c2ee90a0, 0x00000000c2f00000| 91%| E|  |TAMS 0x00000000c2e00000, 0x00000000c2e00000| Complete 
|  47|0x00000000c2f00000, 0x00000000c3000000, 0x00000000c3000000|100%| E|CS|TAMS 0x00000000c2f00000, 0x00000000c2f00000| Complete 
|  48|0x00000000c3000000, 0x00000000c3100000, 0x00000000c3100000|100%| E|CS|TAMS 0x00000000c3000000, 0x00000000c3000000| Complete 
|  49|0x00000000c3100000, 0x00000000c3200000, 0x00000000c3200000|100%| E|CS|TAMS 0x00000000c3100000, 0x00000000c3100000| Complete 
|  50|0x00000000c3200000, 0x00000000c3300000, 0x00000000c3300000|100%| E|CS|TAMS 0x00000000c3200000, 0x00000000c3200000| Complete 
|  51|0x00000000c3300000, 0x00000000c3400000, 0x00000000c3400000|100%| E|CS|TAMS 0x00000000c3300000, 0x00000000c3300000| Complete 
|  52|0x00000000c3400000, 0x00000000c3500000, 0x00000000c3500000|100%| E|CS|TAMS 0x00000000c3400000, 0x00000000c3400000| Complete 
|  53|0x00000000c3500000, 0x00000000c3600000, 0x00000000c3600000|100%| E|CS|TAMS 0x00000000c3500000, 0x00000000c3500000| Complete 
|  54|0x00000000c3600000, 0x00000000c3700000, 0x00000000c3700000|100%| E|CS|TAMS 0x00000000c3600000, 0x00000000c3600000| Complete 
|  55|0x00000000c3700000, 0x00000000c3800000, 0x00000000c3800000|100%| E|CS|TAMS 0x00000000c3700000, 0x00000000c3700000| Complete 
|  56|0x00000000c3800000, 0x00000000c3900000, 0x00000000c3900000|100%| E|CS|TAMS 0x00000000c3800000, 0x00000000c3800000| Complete 
|  57|0x00000000c3900000, 0x00000000c3a00000, 0x00000000c3a00000|100%| E|CS|TAMS 0x00000000c3900000, 0x00000000c3900000| Complete 
|  58|0x00000000c3a00000, 0x00000000c3b00000, 0x00000000c3b00000|100%| E|CS|TAMS 0x00000000c3a00000, 0x00000000c3a00000| Complete 
|  59|0x00000000c3b00000, 0x00000000c3c00000, 0x00000000c3c00000|100%| E|CS|TAMS 0x00000000c3b00000, 0x00000000c3b00000| Complete 
|  60|0x00000000c3c00000, 0x00000000c3d00000, 0x00000000c3d00000|100%| E|CS|TAMS 0x00000000c3c00000, 0x00000000c3c00000| Complete 
|  61|0x00000000c3d00000, 0x00000000c3e00000, 0x00000000c3e00000|100%| E|CS|TAMS 0x00000000c3d00000, 0x00000000c3d00000| Complete 
|  62|0x00000000c3e00000, 0x00000000c3f00000, 0x00000000c3f00000|100%| E|CS|TAMS 0x00000000c3e00000, 0x00000000c3e00000| Complete 
|  80|0x00000000c5000000, 0x00000000c5100000, 0x00000000c5100000|100%| E|CS|TAMS 0x00000000c5000000, 0x00000000c5000000| Complete 
|  81|0x00000000c5100000, 0x00000000c5200000, 0x00000000c5200000|100%| E|CS|TAMS 0x00000000c5100000, 0x00000000c5100000| Complete 
|  82|0x00000000c5200000, 0x00000000c5300000, 0x00000000c5300000|100%| E|  |TAMS 0x00000000c5200000, 0x00000000c5200000| Complete 
|  83|0x00000000c5300000, 0x00000000c5400000, 0x00000000c5400000|100%| E|CS|TAMS 0x00000000c5300000, 0x00000000c5300000| Complete 
|  84|0x00000000c5400000, 0x00000000c5500000, 0x00000000c5500000|100%| E|CS|TAMS 0x00000000c5400000, 0x00000000c5400000| Complete 
|  85|0x00000000c5500000, 0x00000000c5600000, 0x00000000c5600000|100%| E|CS|TAMS 0x00000000c5500000, 0x00000000c5500000| Complete 
| 125|0x00000000c7d00000, 0x00000000c7e00000, 0x00000000c7e00000|100%| E|CS|TAMS 0x00000000c7d00000, 0x00000000c7d00000| Complete 

Card table byte_map: [0x0000029246db0000,0x0000029246fb0000] _byte_map_base: 0x00000292467b0000

Marking Bits (Prev, Next): (CMBitMap*) 0x000002923f2c55d0, (CMBitMap*) 0x000002923f2c5590
 Prev Bits: [0x00000292481b0000, 0x00000292491b0000)
 Next Bits: [0x00000292471b0000, 0x00000292481b0000)

Polling page: 0x000002923f330000

Metaspace:

Usage:
  Non-class:     30.07 MB used.
      Class:      4.44 MB used.
       Both:     34.50 MB used.

Virtual space:
  Non-class space:       64.00 MB reserved,      30.25 MB ( 47%) committed,  1 nodes.
      Class space:        1.00 GB reserved,       4.62 MB ( <1%) committed,  1 nodes.
             Both:        1.06 GB reserved,      34.88 MB (  3%) committed. 

Chunk freelists:
   Non-Class:  1.36 MB
       Class:  11.28 MB
        Both:  12.64 MB

MaxMetaspaceSize: unlimited
CompressedClassSpaceSize: 1.00 GB
Initial GC threshold: 21.00 MB
Current GC threshold: 35.12 MB
CDS: off
MetaspaceReclaimPolicy: balanced
 - commit_granule_bytes: 65536.
 - commit_granule_words: 8192.
 - virtual_space_node_default_size: 8388608.
 - enlarge_chunks_in_place: 1.
 - new_chunks_are_fully_committed: 0.
 - uncommit_free_chunks: 1.
 - use_allocation_guard: 0.
 - handle_deallocations: 1.


Internal statistics:

num_allocs_failed_limit: 3.
num_arena_births: 438.
num_arena_deaths: 0.
num_vsnodes_births: 2.
num_vsnodes_deaths: 0.
num_space_committed: 558.
num_space_uncommitted: 0.
num_chunks_returned_to_freelist: 3.
num_chunks_taken_from_freelist: 1441.
num_chunk_merges: 0.
num_chunk_splits: 996.
num_chunks_enlarged: 760.
num_inconsistent_stats: 0.

CodeCache: size=49152Kb used=6085Kb max_used=6721Kb free=43066Kb
 bounds [0x0000029243710000, 0x0000029243db0000, 0x0000029246710000]
 total_blobs=3784 nmethods=3248 adapters=463
 compilation: enabled
              stopped_count=0, restarted_count=0
 full_count=0

Compilation events (20 events):
Event: 30.509 Thread 0x000002924b93daf0 3252       1       jdk.internal.loader.URLClassPath$FileLoader$1::getCodeSourceURL (8 bytes)
Event: 30.510 Thread 0x000002924b93daf0 nmethod 3252 0x0000029243bfcb90 code [0x0000029243bfcd20, 0x0000029243bfcdf8]
Event: 30.510 Thread 0x000002924b93daf0 3253       1       jdk.internal.loader.URLClassPath$FileLoader$1::getInputStream (12 bytes)
Event: 30.510 Thread 0x000002924b93daf0 nmethod 3253 0x0000029243bfc810 code [0x0000029243bfc9a0, 0x0000029243bfcae8]
Event: 30.510 Thread 0x000002924b93daf0 3254       1       jdk.internal.loader.URLClassPath$FileLoader$1::getContentLength (9 bytes)
Event: 30.510 Thread 0x000002924b93daf0 nmethod 3254 0x0000029243bfc190 code [0x0000029243bfc360, 0x0000029243bfc608]
Event: 30.510 Thread 0x000002924b93daf0 3255       1       java.io.File::length (33 bytes)
Event: 30.510 Thread 0x000002924b93daf0 nmethod 3255 0x0000029243bfbb90 code [0x0000029243bfbd60, 0x0000029243bfc028]
Event: 30.521 Thread 0x000002924b93daf0 3258       1       java.lang.invoke.MemberName::getFactory (4 bytes)
Event: 30.521 Thread 0x000002924b93daf0 nmethod 3258 0x0000029243bfb590 code [0x0000029243bfb720, 0x0000029243bfb7d8]
Event: 30.521 Thread 0x000002924b93daf0 3259       1       java.lang.invoke.InvokerBytecodeGenerator::<init> (80 bytes)
Event: 30.521 Thread 0x000002924b93daf0 nmethod 3259 0x0000029243bfb010 code [0x0000029243bfb1c0, 0x0000029243bfb368]
Event: 30.685 Thread 0x000002924b93daf0 3260       1       java.lang.invoke.MethodHandle::maybeCustomize (38 bytes)
Event: 30.685 Thread 0x000002924b93daf0 nmethod 3260 0x0000029243bfab90 code [0x0000029243bfad40, 0x0000029243bfaf08]
Event: 30.691 Thread 0x000002924b93daf0 3261       1       org.springframework.beans.factory.annotation.AutowiredAnnotationBeanPostProcessor$$Lambda$530/0x00000001003be2b8::doWith (13 bytes)
Event: 30.692 Thread 0x000002924b93daf0 nmethod 3261 0x0000029243bfa810 code [0x0000029243bfa9a0, 0x0000029243bfaa88]
Event: 30.692 Thread 0x000002924b93daf0 3262   !   1       org.springframework.beans.factory.annotation.AutowiredAnnotationBeanPostProcessor::lambda$checkLookupMethods$0 (92 bytes)
Event: 30.692 Thread 0x000002924b93daf0 nmethod 3262 0x0000029243bf9a90 code [0x0000029243bf9ce0, 0x0000029243bfa358]
Event: 30.702 Thread 0x000002924b93daf0 3263   !   1       org.springframework.beans.factory.support.AbstractBeanFactory::doResolveBeanClass (246 bytes)
Event: 30.703 Thread 0x000002924b93daf0 nmethod 3263 0x0000029243bf8810 code [0x0000029243bf8aa0, 0x0000029243bf9478]

GC Heap History (14 events):
Event: 3.311 GC heap before
{Heap before GC invocations=0 (full 0):
 garbage-first heap   total 129024K, used 16384K [0x00000000c0000000, 0x0000000100000000)
  region size 1024K, 13 young (13312K), 0 survivors (0K)
 Metaspace       used 5778K, committed 5888K, reserved 1114112K
  class space    used 556K, committed 640K, reserved 1048576K
}
Event: 3.450 GC heap after
{Heap after GC invocations=1 (full 0):
 garbage-first heap   total 129024K, used 11948K [0x00000000c0000000, 0x0000000100000000)
  region size 1024K, 2 young (2048K), 2 survivors (2048K)
 Metaspace       used 5778K, committed 5888K, reserved 1114112K
  class space    used 556K, committed 640K, reserved 1048576K
}
Event: 4.571 GC heap before
{Heap before GC invocations=1 (full 0):
 garbage-first heap   total 129024K, used 23212K [0x00000000c0000000, 0x0000000100000000)
  region size 1024K, 11 young (11264K), 2 survivors (2048K)
 Metaspace       used 8003K, committed 8128K, reserved 1114112K
  class space    used 885K, committed 960K, reserved 1048576K
}
Event: 4.574 GC heap after
{Heap after GC invocations=2 (full 0):
 garbage-first heap   total 129024K, used 15555K [0x00000000c0000000, 0x0000000100000000)
  region size 1024K, 2 young (2048K), 2 survivors (2048K)
 Metaspace       used 8003K, committed 8128K, reserved 1114112K
  class space    used 885K, committed 960K, reserved 1048576K
}
Event: 6.611 GC heap before
{Heap before GC invocations=2 (full 0):
 garbage-first heap   total 129024K, used 32963K [0x00000000c0000000, 0x0000000100000000)
  region size 1024K, 19 young (19456K), 2 survivors (2048K)
 Metaspace       used 12809K, committed 12992K, reserved 1114112K
  class space    used 1583K, committed 1664K, reserved 1048576K
}
Event: 6.613 GC heap after
{Heap after GC invocations=3 (full 0):
 garbage-first heap   total 129024K, used 16722K [0x00000000c0000000, 0x0000000100000000)
  region size 1024K, 3 young (3072K), 3 survivors (3072K)
 Metaspace       used 12809K, committed 12992K, reserved 1114112K
  class space    used 1583K, committed 1664K, reserved 1048576K
}
Event: 10.457 GC heap before
{Heap before GC invocations=3 (full 0):
 garbage-first heap   total 129024K, used 52562K [0x00000000c0000000, 0x0000000100000000)
  region size 1024K, 40 young (40960K), 3 survivors (3072K)
 Metaspace       used 21262K, committed 21504K, reserved 1114112K
  class space    used 2618K, committed 2752K, reserved 1048576K
}
Event: 10.463 GC heap after
{Heap after GC invocations=4 (full 0):
 garbage-first heap   total 129024K, used 20056K [0x00000000c0000000, 0x0000000100000000)
  region size 1024K, 6 young (6144K), 6 survivors (6144K)
 Metaspace       used 21262K, committed 21504K, reserved 1114112K
  class space    used 2618K, committed 2752K, reserved 1048576K
}
Event: 14.192 GC heap before
{Heap before GC invocations=5 (full 0):
 garbage-first heap   total 71680K, used 55896K [0x00000000c0000000, 0x0000000100000000)
  region size 1024K, 42 young (43008K), 6 survivors (6144K)
 Metaspace       used 27721K, committed 28032K, reserved 1114112K
  class space    used 3456K, committed 3584K, reserved 1048576K
}
Event: 14.204 GC heap after
{Heap after GC invocations=6 (full 0):
 garbage-first heap   total 71680K, used 23490K [0x00000000c0000000, 0x0000000100000000)
  region size 1024K, 4 young (4096K), 4 survivors (4096K)
 Metaspace       used 27721K, committed 28032K, reserved 1114112K
  class space    used 3456K, committed 3584K, reserved 1048576K
}
Event: 14.310 GC heap before
{Heap before GC invocations=6 (full 0):
 garbage-first heap   total 71680K, used 23490K [0x00000000c0000000, 0x0000000100000000)
  region size 1024K, 5 young (5120K), 4 survivors (4096K)
 Metaspace       used 27855K, committed 28160K, reserved 1114112K
  class space    used 3469K, committed 3584K, reserved 1048576K
}
Event: 14.319 GC heap after
{Heap after GC invocations=7 (full 0):
 garbage-first heap   total 71680K, used 23867K [0x00000000c0000000, 0x0000000100000000)
  region size 1024K, 1 young (1024K), 1 survivors (1024K)
 Metaspace       used 27855K, committed 28160K, reserved 1114112K
  class space    used 3469K, committed 3584K, reserved 1048576K
}
Event: 25.376 GC heap before
{Heap before GC invocations=7 (full 0):
 garbage-first heap   total 71680K, used 48443K [0x00000000c0000000, 0x0000000100000000)
  region size 1024K, 25 young (25600K), 1 survivors (1024K)
 Metaspace       used 31908K, committed 32256K, reserved 1114112K
  class space    used 4044K, committed 4160K, reserved 1048576K
}
Event: 25.383 GC heap after
{Heap after GC invocations=8 (full 0):
 garbage-first heap   total 71680K, used 25118K [0x00000000c0000000, 0x0000000100000000)
  region size 1024K, 2 young (2048K), 2 survivors (2048K)
 Metaspace       used 31908K, committed 32256K, reserved 1114112K
  class space    used 4044K, committed 4160K, reserved 1048576K
}

Dll operation events (6 events):
Event: 0.011 Loaded shared library c:\Users\sohai\.vscode\extensions\redhat.java-1.28.1-win32-x64\jre\17.0.10-win32-x86_64\bin\java.dll
Event: 1.802 Loaded shared library C:\Users\sohai\.vscode\extensions\redhat.java-1.28.1-win32-x64\jre\17.0.10-win32-x86_64\bin\net.dll
Event: 1.805 Loaded shared library C:\Users\sohai\.vscode\extensions\redhat.java-1.28.1-win32-x64\jre\17.0.10-win32-x86_64\bin\nio.dll
Event: 2.089 Loaded shared library C:\Users\sohai\.vscode\extensions\redhat.java-1.28.1-win32-x64\jre\17.0.10-win32-x86_64\bin\zip.dll
Event: 3.292 Loaded shared library C:\Users\sohai\.vscode\extensions\redhat.java-1.28.1-win32-x64\jre\17.0.10-win32-x86_64\bin\jimage.dll
Event: 9.834 Loaded shared library c:\Users\sohai\.vscode\extensions\redhat.java-1.28.1-win32-x64\jre\17.0.10-win32-x86_64\bin\verify.dll

Deoptimization events (0 events):
No events

Classes unloaded (0 events):
No events

Classes redefined (0 events):
No events

Internal exceptions (20 events):
Event: 16.310 Thread 0x000002923f289bb0 Exception <a 'java/lang/NoSuchMethodError'{0x00000000c3ba5cf0}: 'int java.lang.invoke.DirectMethodHandle$Holder.invokeVirtual(java.lang.Object, java.lang.Object, java.lang.Object)'> (0x00000000c3ba5cf0) 
thrown [s\src\hotspot\share\interpreter\linkResolver.cpp, line 759]
Event: 16.311 Thread 0x000002923f289bb0 Exception <a 'java/lang/NoSuchMethodError'{0x00000000c3baa190}: 'int java.lang.invoke.DirectMethodHandle$Holder.invokeStaticInit(java.lang.Object, int, int)'> (0x00000000c3baa190) 
thrown [s\src\hotspot\share\interpreter\linkResolver.cpp, line 759]
Event: 16.311 Thread 0x000002923f289bb0 Exception <a 'java/lang/NoSuchMethodError'{0x00000000c3bb1a78}: 'int java.lang.invoke.DirectMethodHandle$Holder.invokeStaticInit(java.lang.Object, long, long)'> (0x00000000c3bb1a78) 
thrown [s\src\hotspot\share\interpreter\linkResolver.cpp, line 759]
Event: 16.311 Thread 0x000002923f289bb0 Exception <a 'java/lang/NoSuchMethodError'{0x00000000c3bb88c8}: 'int java.lang.invoke.DirectMethodHandle$Holder.invokeStaticInit(java.lang.Object, float, float)'> (0x00000000c3bb88c8) 
thrown [s\src\hotspot\share\interpreter\linkResolver.cpp, line 759]
Event: 16.312 Thread 0x000002923f289bb0 Exception <a 'java/lang/NoSuchMethodError'{0x00000000c3bbf720}: 'int java.lang.invoke.DirectMethodHandle$Holder.invokeStaticInit(java.lang.Object, double, double)'> (0x00000000c3bbf720) 
thrown [s\src\hotspot\share\interpreter\linkResolver.cpp, line 759]
Event: 16.315 Thread 0x000002923f289bb0 Exception <a 'java/lang/NoSuchMethodError'{0x00000000c3bc3cf0}: 'int java.lang.invoke.DirectMethodHandle$Holder.invokeStatic(java.lang.Object, long)'> (0x00000000c3bc3cf0) 
thrown [s\src\hotspot\share\interpreter\linkResolver.cpp, line 759]
Event: 16.318 Thread 0x000002923f289bb0 Exception <a 'java/lang/NoSuchMethodError'{0x00000000c3be8ac8}: 'int java.lang.invoke.DirectMethodHandle$Holder.invokeSpecial(java.lang.Object, java.lang.Object, int)'> (0x00000000c3be8ac8) 
thrown [s\src\hotspot\share\interpreter\linkResolver.cpp, line 759]
Event: 16.320 Thread 0x000002923f289bb0 Exception <a 'java/lang/NoSuchMethodError'{0x00000000c3bf03c0}: 'int java.lang.invoke.Invokers$Holder.linkToTargetMethod(java.lang.Object, java.lang.Object)'> (0x00000000c3bf03c0) 
thrown [s\src\hotspot\share\interpreter\linkResolver.cpp, line 759]
Event: 16.521 Thread 0x000002923f289bb0 Exception <a 'java/lang/NoSuchMethodError'{0x00000000c3ae0328}: 'java.lang.Object java.lang.invoke.DirectMethodHandle$Holder.invokeSpecial(java.lang.Object, java.lang.Object, java.lang.Object, java.lang.Object, java.lang.Object, java.lang.Object, java.lang.Object, java.lang.Object, java.lang.Object, java.lang.Object)'> (0x00000000c3ae0328) 
thrown [s\src\hotspot\share\interpreter\linkResolver.cpp, line 759]
Event: 16.522 Thread 0x000002923f289bb0 Exception <a 'java/lang/NoSuchMethodError'{0x00000000c3ae4910}: 'java.lang.Object java.lang.invoke.Invokers$Holder.invoke_MT(java.lang.Object, java.lang.Object, java.lang.Object, java.lang.Object, java.lang.Object, java.lang.Object, java.lang.Object, java.lang.Object, java.lang.Object, java.lang.Object)'> (0x00000000c3ae4910) 
thrown [s\src\hotspot\share\interpreter\linkResolver.cpp, line 759]
Event: 16.539 Thread 0x000002923f289bb0 Exception <a 'java/lang/NoSuchMethodError'{0x00000000c392bc90}: 'java.lang.Object java.lang.invoke.DirectMethodHandle$Holder.invokeSpecial(java.lang.Object, java.lang.Object, int, java.lang.Object, java.lang.Object)'> (0x00000000c392bc90) 
thrown [s\src\hotspot\share\interpreter\linkResolver.cpp, line 759]
Event: 16.539 Thread 0x000002923f289bb0 Exception <a 'java/lang/NoSuchMethodError'{0x00000000c392f938}: 'java.lang.Object java.lang.invoke.DelegatingMethodHandle$Holder.delegate(java.lang.Object, int, java.lang.Object, java.lang.Object)'> (0x00000000c392f938) 
thrown [s\src\hotspot\share\interpreter\linkResolver.cpp, line 759]
Event: 16.540 Thread 0x000002923f289bb0 Exception <a 'java/lang/NoSuchMethodError'{0x00000000c39407c0}: 'int java.lang.invoke.Invokers$Holder.linkToTargetMethod(java.lang.Object, java.lang.Object, java.lang.Object)'> (0x00000000c39407c0) 
thrown [s\src\hotspot\share\interpreter\linkResolver.cpp, line 759]
Event: 17.507 Thread 0x000002923f289bb0 Exception <a 'java/lang/NoSuchMethodError'{0x00000000c35cfbf0}: 'java.lang.Object java.lang.invoke.DirectMethodHandle$Holder.invokeStaticInit(java.lang.Object, int, int, int, int)'> (0x00000000c35cfbf0) 
thrown [s\src\hotspot\share\interpreter\linkResolver.cpp, line 759]
Event: 21.356 Thread 0x000002923f289bb0 Exception <a 'java/lang/NoSuchMethodError'{0x00000000c3421ae0}: 'java.lang.Object java.lang.invoke.DirectMethodHandle$Holder.invokeStaticInit(java.lang.Object, java.lang.Object, int, int, int, int)'> (0x00000000c3421ae0) 
thrown [s\src\hotspot\share\interpreter\linkResolver.cpp, line 759]
Event: 25.974 Thread 0x000002923f289bb0 Exception <a 'java/lang/NoSuchMethodError'{0x00000000c7d68e48}: 'void java.lang.invoke.DirectMethodHandle$Holder.invokeSpecialIFC(java.lang.Object, java.lang.Object, java.lang.Object)'> (0x00000000c7d68e48) 
thrown [s\src\hotspot\share\interpreter\linkResolver.cpp, line 759]
Event: 29.030 Thread 0x000002923f289bb0 Exception <a 'java/lang/NoSuchMethodError'{0x00000000c3420e88}: 'int java.lang.invoke.DirectMethodHandle$Holder.invokeStaticInit(java.lang.Object, java.lang.Object, int, java.lang.Object)'> (0x00000000c3420e88) 
thrown [s\src\hotspot\share\interpreter\linkResolver.cpp, line 759]
Event: 29.243 Thread 0x000002923f289bb0 Exception <a 'java/lang/NoSuchMethodError'{0x00000000c3331880}: 'void java.lang.invoke.DirectMethodHandle$Holder.invokeSpecial(java.lang.Object, java.lang.Object, java.lang.Object, java.lang.Object, java.lang.Object, java.lang.Object, java.lang.Object)'> (0x00000000c3331880) 
thrown [s\src\hotspot\share\interpreter\linkResolver.cpp, line 759]
Event: 30.521 Thread 0x000002923f289bb0 Exception <a 'java/lang/NoSuchMethodError'{0x00000000c2fc7798}: 'java.lang.Object java.lang.invoke.DirectMethodHandle$Holder.invokeInterface(java.lang.Object, java.lang.Object, int)'> (0x00000000c2fc7798) 
thrown [s\src\hotspot\share\interpreter\linkResolver.cpp, line 759]
Event: 30.674 Thread 0x000002923f289bb0 Exception <a 'java/lang/IncompatibleClassChangeError'{0x00000000c2fddfe0}: Found class java.lang.Object, but interface was expected> (0x00000000c2fddfe0) 
thrown [s\src\hotspot\share\interpreter\linkResolver.cpp, line 826]

VM Operations (20 events):
Event: 18.557 Executing VM operation: Cleanup
Event: 18.557 Executing VM operation: Cleanup done
Event: 21.593 Executing VM operation: Cleanup
Event: 21.593 Executing VM operation: Cleanup done
Event: 22.594 Executing VM operation: Cleanup
Event: 23.053 Executing VM operation: Cleanup done
Event: 25.092 Executing VM operation: Cleanup
Event: 25.349 Executing VM operation: Cleanup done
Event: 25.376 Executing VM operation: G1CollectForAllocation
Event: 25.383 Executing VM operation: G1CollectForAllocation done
Event: 26.390 Executing VM operation: Cleanup
Event: 26.548 Executing VM operation: Cleanup done
Event: 26.929 Executing VM operation: HandshakeAllThreads
Event: 26.929 Executing VM operation: HandshakeAllThreads done
Event: 27.932 Executing VM operation: Cleanup
Event: 27.932 Executing VM operation: Cleanup done
Event: 28.939 Executing VM operation: Cleanup
Event: 28.939 Executing VM operation: Cleanup done
Event: 29.953 Executing VM operation: Cleanup
Event: 29.953 Executing VM operation: Cleanup done

Events (20 events):
Event: 28.005 loading class org/w3c/dom/Node
Event: 28.006 loading class org/w3c/dom/Node done
Event: 28.008 loading class org/w3c/dom/Document
Event: 28.009 loading class org/w3c/dom/Document done
Event: 28.013 loading class java/io/StringWriter
Event: 28.013 loading class java/io/StringWriter done
Event: 29.244 loading class java/util/concurrent/CompletableFuture$UniAccept
Event: 29.244 loading class java/util/concurrent/CompletableFuture$UniAccept done
Event: 29.918 loading class java/util/concurrent/atomic/AtomicIntegerArray
Event: 29.918 loading class java/util/concurrent/atomic/AtomicIntegerArray done
Event: 30.286 loading class java/util/ImmutableCollections$Map1
Event: 30.286 loading class java/util/ImmutableCollections$Map1 done
Event: 30.288 loading class java/net/SocketAddress
Event: 30.288 loading class java/net/SocketAddress done
Event: 30.288 loading class java/net/InetSocketAddress
Event: 30.289 loading class java/net/InetSocketAddress done
Event: 30.522 loading class java/util/stream/Streams$RangeIntSpliterator
Event: 30.673 loading class java/util/stream/Streams$RangeIntSpliterator done
Event: 30.706 loading class java/net/URLClassLoader
Event: 30.707 loading class java/net/URLClassLoader done


Dynamic libraries:
0x00007ff7b2120000 - 0x00007ff7b212e000 	c:\Users\sohai\.vscode\extensions\redhat.java-1.28.1-win32-x64\jre\17.0.10-win32-x86_64\bin\java.exe
0x00007ffea6730000 - 0x00007ffea6946000 	C:\WINDOWS\SYSTEM32\ntdll.dll
0x00007ffea5120000 - 0x00007ffea51e4000 	C:\WINDOWS\System32\KERNEL32.DLL
0x00007ffea4020000 - 0x00007ffea43c6000 	C:\WINDOWS\System32\KERNELBASE.dll
0x00007ffea3f00000 - 0x00007ffea4011000 	C:\WINDOWS\System32\ucrtbase.dll
0x00007ffe97e40000 - 0x00007ffe97e57000 	c:\Users\sohai\.vscode\extensions\redhat.java-1.28.1-win32-x64\jre\17.0.10-win32-x86_64\bin\jli.dll
0x00007ffea5270000 - 0x00007ffea541d000 	C:\WINDOWS\System32\USER32.dll
0x00007ffea3a70000 - 0x00007ffea3a96000 	C:\WINDOWS\System32\win32u.dll
0x00007ffea48e0000 - 0x00007ffea4909000 	C:\WINDOWS\System32\GDI32.dll
0x00007ffea3aa0000 - 0x00007ffea3bb8000 	C:\WINDOWS\System32\gdi32full.dll
0x00007ffea3c80000 - 0x00007ffea3d1a000 	C:\WINDOWS\System32\msvcp_win.dll
0x00007ffe95cd0000 - 0x00007ffe95ceb000 	c:\Users\sohai\.vscode\extensions\redhat.java-1.28.1-win32-x64\jre\17.0.10-win32-x86_64\bin\VCRUNTIME140.dll
0x00007ffe84890000 - 0x00007ffe84b23000 	C:\WINDOWS\WinSxS\amd64_microsoft.windows.common-controls_6595b64144ccf1df_6.0.22621.3235_none_270f74e173860f98\COMCTL32.dll
0x00007ffea4560000 - 0x00007ffea4607000 	C:\WINDOWS\System32\msvcrt.dll
0x00007ffea5230000 - 0x00007ffea5261000 	C:\WINDOWS\System32\IMM32.DLL
0x00007ffe98860000 - 0x00007ffe9886c000 	c:\Users\sohai\.vscode\extensions\redhat.java-1.28.1-win32-x64\jre\17.0.10-win32-x86_64\bin\vcruntime140_1.dll
0x00007ffe790c0000 - 0x00007ffe7914d000 	c:\Users\sohai\.vscode\extensions\redhat.java-1.28.1-win32-x64\jre\17.0.10-win32-x86_64\bin\msvcp140.dll
0x00007ffe508d0000 - 0x00007ffe51532000 	c:\Users\sohai\.vscode\extensions\redhat.java-1.28.1-win32-x64\jre\17.0.10-win32-x86_64\bin\server\jvm.dll
0x00007ffea5dd0000 - 0x00007ffea5e82000 	C:\WINDOWS\System32\ADVAPI32.dll
0x00007ffea5d20000 - 0x00007ffea5dc8000 	C:\WINDOWS\System32\sechost.dll
0x00007ffea43d0000 - 0x00007ffea43f8000 	C:\WINDOWS\System32\bcrypt.dll
0x00007ffea56b0000 - 0x00007ffea57c5000 	C:\WINDOWS\System32\RPCRT4.dll
0x00007ffea3940000 - 0x00007ffea398d000 	C:\WINDOWS\SYSTEM32\POWRPROF.dll
0x00007ffe85320000 - 0x00007ffe85329000 	C:\WINDOWS\SYSTEM32\WSOCK32.dll
0x00007ffea44e0000 - 0x00007ffea4551000 	C:\WINDOWS\System32\WS2_32.dll
0x00007ffe97e00000 - 0x00007ffe97e34000 	C:\WINDOWS\SYSTEM32\WINMM.dll
0x00007ffe92370000 - 0x00007ffe9237a000 	C:\WINDOWS\SYSTEM32\VERSION.dll
0x00007ffea3870000 - 0x00007ffea3883000 	C:\WINDOWS\SYSTEM32\UMPDC.dll
0x00007ffea2ab0000 - 0x00007ffea2ac8000 	C:\WINDOWS\SYSTEM32\kernel.appcore.dll
0x00007ffe986c0000 - 0x00007ffe986ca000 	c:\Users\sohai\.vscode\extensions\redhat.java-1.28.1-win32-x64\jre\17.0.10-win32-x86_64\bin\jimage.dll
0x00007ffe9e380000 - 0x00007ffe9e5b3000 	C:\WINDOWS\SYSTEM32\DBGHELP.DLL
0x00007ffea5990000 - 0x00007ffea5d18000 	C:\WINDOWS\System32\combase.dll
0x00007ffea55d0000 - 0x00007ffea56a7000 	C:\WINDOWS\System32\OLEAUT32.dll
0x00007ffe84eb0000 - 0x00007ffe84ee2000 	C:\WINDOWS\SYSTEM32\dbgcore.DLL
0x00007ffea4400000 - 0x00007ffea447a000 	C:\WINDOWS\System32\bcryptPrimitives.dll
0x00007ffe79090000 - 0x00007ffe790b5000 	c:\Users\sohai\.vscode\extensions\redhat.java-1.28.1-win32-x64\jre\17.0.10-win32-x86_64\bin\java.dll
0x00007ffe90840000 - 0x00007ffe90858000 	c:\Users\sohai\.vscode\extensions\redhat.java-1.28.1-win32-x64\jre\17.0.10-win32-x86_64\bin\zip.dll
0x00007ffea5e90000 - 0x00007ffea66ed000 	C:\WINDOWS\System32\SHELL32.dll
0x00007ffea19d0000 - 0x00007ffea22c8000 	C:\WINDOWS\SYSTEM32\windows.storage.dll
0x00007ffea1890000 - 0x00007ffea19ce000 	C:\WINDOWS\SYSTEM32\wintypes.dll
0x00007ffea4b20000 - 0x00007ffea4c13000 	C:\WINDOWS\System32\SHCORE.dll
0x00007ffea5880000 - 0x00007ffea58de000 	C:\WINDOWS\System32\shlwapi.dll
0x00007ffea39a0000 - 0x00007ffea39c6000 	C:\WINDOWS\SYSTEM32\profapi.dll
0x00007ffe809c0000 - 0x00007ffe809d9000 	C:\Users\sohai\.vscode\extensions\redhat.java-1.28.1-win32-x64\jre\17.0.10-win32-x86_64\bin\net.dll
0x00007ffe9d2b0000 - 0x00007ffe9d3e7000 	C:\WINDOWS\SYSTEM32\WINHTTP.dll
0x00007ffea2f30000 - 0x00007ffea2f99000 	C:\WINDOWS\system32\mswsock.dll
0x00007ffe79070000 - 0x00007ffe79086000 	C:\Users\sohai\.vscode\extensions\redhat.java-1.28.1-win32-x64\jre\17.0.10-win32-x86_64\bin\nio.dll
0x00007ffe90740000 - 0x00007ffe90750000 	c:\Users\sohai\.vscode\extensions\redhat.java-1.28.1-win32-x64\jre\17.0.10-win32-x86_64\bin\verify.dll
0x00007ffea3180000 - 0x00007ffea319b000 	C:\WINDOWS\SYSTEM32\CRYPTSP.dll
0x00007ffea2a10000 - 0x00007ffea2a45000 	C:\WINDOWS\system32\rsaenh.dll
0x00007ffea3020000 - 0x00007ffea304c000 	C:\WINDOWS\SYSTEM32\USERENV.dll
0x00007ffea31a0000 - 0x00007ffea31ac000 	C:\WINDOWS\SYSTEM32\CRYPTBASE.dll
0x00007ffea2570000 - 0x00007ffea259d000 	C:\WINDOWS\SYSTEM32\IPHLPAPI.DLL
0x00007ffea5200000 - 0x00007ffea5209000 	C:\WINDOWS\System32\NSI.dll
0x00007ffe99710000 - 0x00007ffe99729000 	C:\WINDOWS\SYSTEM32\dhcpcsvc6.DLL
0x00007ffe995b0000 - 0x00007ffe995cf000 	C:\WINDOWS\SYSTEM32\dhcpcsvc.DLL
0x00007ffea25a0000 - 0x00007ffea2699000 	C:\WINDOWS\SYSTEM32\DNSAPI.dll

dbghelp: loaded successfully - version: 4.0.5 - missing functions: none
symbol engine: initialized successfully - sym options: 0x614 - pdb path: .;c:\Users\sohai\.vscode\extensions\redhat.java-1.28.1-win32-x64\jre\17.0.10-win32-x86_64\bin;C:\WINDOWS\SYSTEM32;C:\WINDOWS\WinSxS\amd64_microsoft.windows.common-controls_6595b64144ccf1df_6.0.22621.3235_none_270f74e173860f98;c:\Users\sohai\.vscode\extensions\redhat.java-1.28.1-win32-x64\jre\17.0.10-win32-x86_64\bin\server

VM Arguments:
jvm_args: -XX:+HeapDumpOnOutOfMemoryError -Xmx1024m -Dsts.lsp.client=vscode -Dsts.log.file=/dev/null -XX:TieredStopAtLevel=1 -Xlog:jni+resolve=off -Dspring.config.location=file:c:\Users\sohai\.vscode\extensions\vmware.vscode-spring-boot-1.53.0\language-server\BOOT-INF\classes\application.properties 
java_command: org.springframework.ide.vscode.boot.app.BootLanguageServerBootApp
java_class_path (initial): c:\Users\sohai\.vscode\extensions\vmware.vscode-spring-boot-1.53.0\language-server\BOOT-INF\classes;c:\Users\sohai\.vscode\extensions\vmware.vscode-spring-boot-1.53.0\language-server\BOOT-INF\lib\annotations-24.1.0.jar;c:\Users\sohai\.vscode\extensions\vmware.vscode-spring-boot-1.53.0\language-server\BOOT-INF\lib\antlr4-runtime-4.11.1.jar;c:\Users\sohai\.vscode\extensions\vmware.vscode-spring-boot-1.53.0\language-server\BOOT-INF\lib\asm-9.6.jar;c:\Users\sohai\.vscode\extensions\vmware.vscode-spring-boot-1.53.0\language-server\BOOT-INF\lib\asm-analysis-9.6.jar;c:\Users\sohai\.vscode\extensions\vmware.vscode-spring-boot-1.53.0\language-server\BOOT-INF\lib\asm-tree-9.6.jar;c:\Users\sohai\.vscode\extensions\vmware.vscode-spring-boot-1.53.0\language-server\BOOT-INF\lib\asm-util-9.6.jar;c:\Users\sohai\.vscode\extensions\vmware.vscode-spring-boot-1.53.0\language-server\BOOT-INF\lib\caffeine-3.1.8.jar;c:\Users\sohai\.vscode\extensions\vmware.vscode-spring-boot-1.53.0\language-server\BOOT-INF\lib\checker-qual-3.12.0.jar;c:\Users\sohai\.vscode\extensions\vmware.vscode-spring-boot-1.53.0\language-server\BOOT-INF\lib\classgraph-4.8.149.jar;c:\Users\sohai\.vscode\extensions\vmware.vscode-spring-boot-1.53.0\language-server\BOOT-INF\lib\commons-codec-1.16.1.jar;c:\Users\sohai\.vscode\extensions\vmware.vscode-spring-boot-1.53.0\language-server\BOOT-INF\lib\commons-compress-1.26.0.jar;c:\Users\sohai\.vscode\extensions\vmware.vscode-spring-boot-1.53.0\language-server\BOOT-INF\lib\commons-io-2.4.jar;c:\Users\sohai\.vscode\extensions\vmware.vscode-spring-boot-1.53.0\language-server\BOOT-INF\lib\commons-java-1.53.0-SNAPSHOT.jar;c:\Users\sohai\.vscode\extensions\vmware.vscode-spring-boot-1.53.0\language-server\BOOT-INF\lib\commons-lang3-3.13.0.jar;c:\Users\sohai\.vscode\extensions\vmware.vscode-spring-boot-1.53.0\language-server\BOOT-INF\lib\commons-language-server-1.53.0-SNAPSHOT.jar;c:\Users\sohai\.vscode\extensions\vmware.vscode-spring-boot-1.53.0\language
Launcher Type: SUN_STANDARD

[Global flags]
     intx CICompilerCount                          = 3                                         {product} {ergonomic}
     uint ConcGCThreads                            = 1                                         {product} {ergonomic}
     uint G1ConcRefinementThreads                  = 4                                         {product} {ergonomic}
   size_t G1HeapRegionSize                         = 1048576                                   {product} {ergonomic}
    uintx GCDrainStackTargetSize                   = 64                                        {product} {ergonomic}
     bool HeapDumpOnOutOfMemoryError               = true                                   {manageable} {command line}
   size_t InitialHeapSize                          = 132120576                                 {product} {ergonomic}
   size_t MarkStackSize                            = 4194304                                   {product} {ergonomic}
   size_t MaxHeapSize                              = 1073741824                                {product} {command line}
   size_t MaxNewSize                               = 643825664                                 {product} {ergonomic}
   size_t MinHeapDeltaBytes                        = 1048576                                   {product} {ergonomic}
   size_t MinHeapSize                              = 8388608                                   {product} {ergonomic}
    uintx NonProfiledCodeHeapSize                  = 0                                      {pd product} {ergonomic}
     bool ProfileInterpreter                       = false                                  {pd product} {command line}
    uintx ProfiledCodeHeapSize                     = 0                                      {pd product} {ergonomic}
   size_t SoftMaxHeapSize                          = 1073741824                             {manageable} {ergonomic}
     intx TieredStopAtLevel                        = 1                                         {product} {command line}
     bool UseCompressedClassPointers               = true                           {product lp64_product} {ergonomic}
     bool UseCompressedOops                        = true                           {product lp64_product} {ergonomic}
     bool UseG1GC                                  = true                                      {product} {ergonomic}
     bool UseLargePagesIndividualAllocation        = false                                  {pd product} {ergonomic}

Logging:
Log output configuration:
 #0: stdout all=warning,jni+resolve=off uptime,level,tags
 #1: stderr all=off uptime,level,tags

Environment Variables:
JAVA_HOME=C:\Program Files\Amazon Corretto\jdk11.0.17_8
PATH=C:\Program Files\Amazon Corretto\jdk11.0.17_8\bin;C:\WINDOWS\system32;C:\WINDOWS;C:\WINDOWS\System32\Wbem;C:\WINDOWS\System32\WindowsPowerShell\v1.0\;C:\WINDOWS\System32\OpenSSH\;C:\MinGW\bin;C:\Program Files\MySQL\MySQL Server 8.0\bin;C:\Program Files\Git\cmd;C:\Program Files\Git\mingw64\bin;C:\Program Files\Git\usr\bin;C:\Program Files\PowerShell\7\;C:\Program Files\nodejs\;C:\Program Files\MySQL\MySQL Shell 8.0\bin\;C:\Users\sohai\AppData\Local\Microsoft\WindowsApps;C:\Users\sohai\AppData\Local\Programs\Microsoft VS Code\bin;C:\Users\sohai\AppData\Roaming\npm
USERNAME=sohai
OS=Windows_NT
PROCESSOR_IDENTIFIER=Intel64 Family 6 Model 142 Stepping 12, GenuineIntel
TMP=C:\Users\sohai\AppData\Local\Temp
TEMP=C:\Users\sohai\AppData\Local\Temp



Periodic native trim disabled


---------------  S Y S T E M  ---------------

OS:
 Windows 11 , 64 bit Build 22621 (10.0.22621.3235)
OS uptime: 1 days 3:52 hours

CPU: total 4 (initial active 4) (2 cores per cpu, 2 threads per core) family 6 model 142 stepping 12 microcode 0xde, cx8, cmov, fxsr, ht, mmx, 3dnowpref, sse, sse2, sse3, ssse3, sse4.1, sse4.2, popcnt, lzcnt, tsc, tscinvbit, avx, avx2, aes, erms, clmul, bmi1, bmi2, adx, fma, vzeroupper, clflush, clflushopt
Processor Information for all 4 processors :
  Max Mhz: 2592, Current Mhz: 2592, Mhz Limit: 2073

Memory: 4k page, system-wide physical 8025M (145M free)
TotalPageFile size 22250M (AvailPageFile size 107M)
current process WorkingSet (physical memory assigned to process): 152M, peak: 152M
current process commit charge ("private bytes"): 184M, peak: 221M

vm_info: OpenJDK 64-Bit Server VM (17.0.10+7) for windows-amd64 JRE (17.0.10+7), built on Jan 16 2024 23:25:11 by "admin" with MS VC++ 16.10 / 16.11 (VS2019)

END.
