#
# There is insufficient memory for the Java Runtime Environment to continue.
# Native memory allocation (malloc) failed to allocate 1048576 bytes for AllocateHeap
# Possible reasons:
#   The system is out of physical RAM or swap space
#   The process is running with CompressedOops enabled, and the Java Heap may be blocking the growth of the native heap
# Possible solutions:
#   Reduce memory load on the system
#   Increase physical memory or swap space
#   Check if swap backing store is full
#   Decrease Java heap size (-Xmx/-Xms)
#   Decrease number of Java threads
#   Decrease Java thread stack sizes (-Xss)
#   Set larger code cache with -XX:ReservedCodeCacheSize=
#   JVM is running with Unscaled Compressed Oops mode in which the Java heap is
#     placed in the first 4GB address space. The Java Heap base address is the
#     maximum limit for the native heap growth. Please use -XX:HeapBaseMinAddress
#     to set the Java Heap base and to place the Java Heap above 4GB virtual address.
# This output file may be truncated or incomplete.
#
#  Out of Memory Error (allocation.cpp:44), pid=12284, tid=27072
#
# JRE version: OpenJDK Runtime Environment Temurin-17.0.10+7 (17.0.10+7) (build 17.0.10+7)
# Java VM: OpenJDK 64-Bit Server VM Temurin-17.0.10+7 (17.0.10+7, mixed mode, emulated-client, tiered, compressed oops, compressed class ptrs, g1 gc, windows-amd64)
# No core dump will be written. Minidumps are not enabled by default on client versions of Windows
#

---------------  S U M M A R Y ------------

Command Line: -XX:+HeapDumpOnOutOfMemoryError -Xmx1024m -Dsts.lsp.client=vscode -Dsts.log.file=/dev/null -XX:TieredStopAtLevel=1 -Xlog:jni+resolve=off -Dspring.config.location=file:c:\Users\sohai\.vscode\extensions\vmware.vscode-spring-boot-1.53.0\language-server\BOOT-INF\classes\application.properties org.springframework.ide.vscode.boot.app.BootLanguageServerBootApp

Host: Intel(R) Core(TM) i3-10110U CPU @ 2.10GHz, 4 cores, 7G,  Windows 11 , 64 bit Build 22621 (10.0.22621.3235)
Time: Sat Mar 23 17:53:07 2024 India Standard Time elapsed time: 8622.478884 seconds (0d 2h 23m 42s)

---------------  T H R E A D  ---------------

Current thread (0x00000277c17c8b40):  VMThread "VM Thread" [stack: 0x000000d274700000,0x000000d274800000] [id=27072]

Stack: [0x000000d274700000,0x000000d274800000]
Native frames: (J=compiled Java code, j=interpreted, Vv=VM code, C=native code)
V  [jvm.dll+0x67d2c9]
V  [jvm.dll+0x834afa]
V  [jvm.dll+0x8365be]
V  [jvm.dll+0x836c23]
V  [jvm.dll+0x2477ff]
V  [jvm.dll+0xa6c93]
V  [jvm.dll+0x2f8663]
V  [jvm.dll+0x2f42e0]
V  [jvm.dll+0x2dc8c7]
V  [jvm.dll+0x31fb87]
V  [jvm.dll+0x83b11b]
V  [jvm.dll+0x83be61]
V  [jvm.dll+0x83c37d]
V  [jvm.dll+0x83c754]
V  [jvm.dll+0x83c820]
V  [jvm.dll+0x7e3fba]
V  [jvm.dll+0x67c1b5]
C  [ucrtbase.dll+0x29363]
C  [KERNEL32.DLL+0x1257d]
C  [ntdll.dll+0x5aa58]

VM_Operation (0x000000d2757fe8c0): G1CollectFull, mode: safepoint, requested by thread 0x00000277c709fb30


---------------  P R O C E S S  ---------------

Threads class SMR info:
_java_thread_list=0x00000277c6e775e0, length=23, elements={
0x00000277c17ec370, 0x00000277c17ee110, 0x00000277c1938490, 0x00000277c193b130,
0x00000277c193ce10, 0x00000277c193d6e0, 0x00000277c180e4a0, 0x00000277c182af90,
0x00000277c1b303d0, 0x00000277c1b34d20, 0x00000277c6c503e0, 0x00000277c709fb30,
0x00000277c67937e0, 0x00000277b7276b00, 0x00000277c6f1e8a0, 0x00000277c663d880,
0x00000277c70e8030, 0x00000277c70e8510, 0x00000277c6653390, 0x00000277c66538a0,
0x00000277c6652460, 0x00000277c6651530, 0x00000277c6653db0
}

Java Threads: ( => current thread )
  0x00000277c17ec370 JavaThread "Reference Handler" daemon [_thread_blocked, id=21060, stack(0x000000d274800000,0x000000d274900000)]
  0x00000277c17ee110 JavaThread "Finalizer" daemon [_thread_blocked, id=4452, stack(0x000000d274900000,0x000000d274a00000)]
  0x00000277c1938490 JavaThread "Signal Dispatcher" daemon [_thread_blocked, id=12044, stack(0x000000d274a00000,0x000000d274b00000)]
  0x00000277c193b130 JavaThread "Attach Listener" daemon [_thread_blocked, id=24704, stack(0x000000d274b00000,0x000000d274c00000)]
  0x00000277c193ce10 JavaThread "Service Thread" daemon [_thread_blocked, id=25616, stack(0x000000d274c00000,0x000000d274d00000)]
  0x00000277c193d6e0 JavaThread "Monitor Deflation Thread" daemon [_thread_blocked, id=14104, stack(0x000000d274d00000,0x000000d274e00000)]
  0x00000277c180e4a0 JavaThread "C1 CompilerThread0" daemon [_thread_blocked, id=16908, stack(0x000000d274e00000,0x000000d274f00000)]
  0x00000277c182af90 JavaThread "Sweeper thread" daemon [_thread_blocked, id=27200, stack(0x000000d274f00000,0x000000d275000000)]
  0x00000277c1b303d0 JavaThread "Notification Thread" daemon [_thread_blocked, id=24916, stack(0x000000d275100000,0x000000d275200000)]
  0x00000277c1b34d20 JavaThread "Common-Cleaner" daemon [_thread_blocked, id=17692, stack(0x000000d275300000,0x000000d275400000)]
  0x00000277c6c503e0 JavaThread "boundedElastic-evictor-1" daemon [_thread_blocked, id=27392, stack(0x000000d275600000,0x000000d275700000)]
  0x00000277c709fb30 JavaThread "pool-13-thread-1" [_thread_blocked, id=10972, stack(0x000000d275700000,0x000000d275800000)]
  0x00000277c67937e0 JavaThread "LanguageServerApp-lifecycle" [_thread_blocked, id=26544, stack(0x000000d275800000,0x000000d275900000)]
  0x00000277b7276b00 JavaThread "DestroyJavaVM" [_thread_blocked, id=13616, stack(0x000000d274000000,0x000000d274100000)]
  0x00000277c6f1e8a0 JavaThread "pool-14-thread-1" [_thread_in_native, id=27384, stack(0x000000d275900000,0x000000d275a00000)]
  0x00000277c663d880 JavaThread "Simple-Language-Server main thread" daemon [_thread_blocked, id=680, stack(0x000000d275a00000,0x000000d275b00000)]
  0x00000277c70e8030 JavaThread "pool-8-thread-1" [_thread_blocked, id=5780, stack(0x000000d275b00000,0x000000d275c00000)]
  0x00000277c70e8510 JavaThread "parallel-1" daemon [_thread_blocked, id=26680, stack(0x000000d275c00000,0x000000d275d00000)]
  0x00000277c6653390 JavaThread "Reconciler-1" daemon [_thread_blocked, id=26700, stack(0x000000d275d00000,0x000000d275e00000)]
  0x00000277c66538a0 JavaThread "parallel-2" daemon [_thread_blocked, id=20652, stack(0x000000d275e00000,0x000000d275f00000)]
  0x00000277c6652460 JavaThread "parallel-3" daemon [_thread_blocked, id=13608, stack(0x000000d275f00000,0x000000d276000000)]
  0x00000277c6651530 JavaThread "pool-6-thread-1" [_thread_blocked, id=18340, stack(0x000000d276000000,0x000000d276100000)]
  0x00000277c6653db0 JavaThread "parallel-4" daemon [_thread_blocked, id=27104, stack(0x000000d276100000,0x000000d276200000)]

Other Threads:
=>0x00000277c17c8b40 VMThread "VM Thread" [stack: 0x000000d274700000,0x000000d274800000] [id=27072]
  0x00000277c1b308b0 WatcherThread [stack: 0x000000d275200000,0x000000d275300000] [id=20580]
  0x00000277b72b41f0 GCTaskThread "GC Thread#0" [stack: 0x000000d274200000,0x000000d274300000] [id=20428]
  0x00000277c1a72f50 GCTaskThread "GC Thread#1" [stack: 0x000000d275000000,0x000000d275100000] [id=21880]
  0x00000277c1a72550 GCTaskThread "GC Thread#2" [stack: 0x000000d275400000,0x000000d275500000] [id=9748]
  0x00000277c1a8dc90 GCTaskThread "GC Thread#3" [stack: 0x000000d275500000,0x000000d275600000] [id=4824]
  0x00000277b72bd050 ConcurrentGCThread "G1 Main Marker" [stack: 0x000000d274300000,0x000000d274400000] [id=22168]
  0x00000277b72bd980 ConcurrentGCThread "G1 Conc#0" [stack: 0x000000d274400000,0x000000d274500000] [id=18704]
  0x00000277b7313920 ConcurrentGCThread "G1 Refine#0" [stack: 0x000000d274500000,0x000000d274600000] [id=8584]
  0x00000277b7314260 ConcurrentGCThread "G1 Service" [stack: 0x000000d274600000,0x000000d274700000] [id=18084]

Threads with active compile tasks:

VM state: at safepoint (normal execution)

VM Mutex/Monitor currently owned by a thread:  ([mutex/lock_event])
[0x00000277b50c2030] Threads_lock - owner thread: 0x00000277c17c8b40
[0x00000277b50beae0] Heap_lock - owner thread: 0x00000277c709fb30

Heap address: 0x00000000c0000000, size: 1024 MB, Compressed Oops mode: 32-bit

CDS archive(s) not mapped
Compressed class space mapped at: 0x0000000100000000-0x0000000140000000, reserved size: 1073741824
Narrow klass base: 0x0000000000000000, Narrow klass shift: 3, Narrow klass range: 0x140000000

GC Precious Log:
 CPUs: 4 total, 4 available
 Memory: 8025M
 Large Page Support: Disabled
 NUMA Support: Disabled
 Compressed Oops: Enabled (32-bit)
 Heap Region Size: 1M
 Heap Min Capacity: 8M
 Heap Initial Capacity: 126M
 Heap Max Capacity: 1G
 Pre-touch: Disabled
 Parallel Workers: 4
 Concurrent Workers: 1
 Concurrent Refinement Workers: 4
 Periodic GC: Disabled

Heap:
 garbage-first heap   total 75776K, used 24106K [0x00000000c0000000, 0x0000000100000000)
  region size 1024K, 1 young (1024K), 0 survivors (0K)
 Metaspace       used 39101K, committed 39680K, reserved 1114112K
  class space    used 5165K, committed 5440K, reserved 1048576K

Heap Regions: E=young(eden), S=young(survivor), O=old, HS=humongous(starts), HC=humongous(continues), CS=collection set, F=free, OA=open archive, CA=closed archive, TAMS=top-at-mark-start (previous, next)
|   0|0x00000000c0000000, 0x00000000c0100000, 0x00000000c0100000|100%|HS|  |TAMS 0x00000000c0100000, 0x00000000c0000000| Untracked 
|   1|0x00000000c0100000, 0x00000000c0200000, 0x00000000c0200000|100%|HC|  |TAMS 0x00000000c0200000, 0x00000000c0100000| Untracked 
|   2|0x00000000c0200000, 0x00000000c0300000, 0x00000000c0300000|100%|HC|  |TAMS 0x00000000c0300000, 0x00000000c0200000| Untracked 
|   3|0x00000000c0300000, 0x00000000c0400000, 0x00000000c0400000|100%|HC|  |TAMS 0x00000000c0400000, 0x00000000c0300000| Untracked 
|   4|0x00000000c0400000, 0x00000000c0500000, 0x00000000c0500000|100%| O|  |TAMS 0x00000000c0500000, 0x00000000c0400000| Untracked 
|   5|0x00000000c0500000, 0x00000000c05ffff0, 0x00000000c0600000| 99%| O|  |TAMS 0x00000000c05ffff0, 0x00000000c0500000| Untracked 
|   6|0x00000000c0600000, 0x00000000c06ff370, 0x00000000c0700000| 99%| O|  |TAMS 0x00000000c06ff370, 0x00000000c0600000| Untracked 
|   7|0x00000000c0700000, 0x00000000c0800000, 0x00000000c0800000|100%| O|  |TAMS 0x00000000c0800000, 0x00000000c0700000| Untracked 
|   8|0x00000000c0800000, 0x00000000c0900000, 0x00000000c0900000|100%| O|  |TAMS 0x00000000c0900000, 0x00000000c0800000| Untracked 
|   9|0x00000000c0900000, 0x00000000c09fffe8, 0x00000000c0a00000| 99%| O|  |TAMS 0x00000000c09fffe8, 0x00000000c0900000| Untracked 
|  10|0x00000000c0a00000, 0x00000000c0b00000, 0x00000000c0b00000|100%|HS|  |TAMS 0x00000000c0b00000, 0x00000000c0a00000| Untracked 
|  11|0x00000000c0b00000, 0x00000000c0c00000, 0x00000000c0c00000|100%|HC|  |TAMS 0x00000000c0c00000, 0x00000000c0b00000| Untracked 
|  12|0x00000000c0c00000, 0x00000000c0cfa8a0, 0x00000000c0d00000| 97%| O|  |TAMS 0x00000000c0cfa8a0, 0x00000000c0c00000| Untracked 
|  13|0x00000000c0d00000, 0x00000000c0dffff8, 0x00000000c0e00000| 99%| O|  |TAMS 0x00000000c0dffff8, 0x00000000c0d00000| Untracked 
|  14|0x00000000c0e00000, 0x00000000c0ef32e0, 0x00000000c0f00000| 94%| O|  |TAMS 0x00000000c0e00000, 0x00000000c0e00000| Untracked 
|  15|0x00000000c0f00000, 0x00000000c0ffffb8, 0x00000000c1000000| 99%| O|  |TAMS 0x00000000c0ffffb8, 0x00000000c0f00000| Untracked 
|  16|0x00000000c1000000, 0x00000000c10fffe0, 0x00000000c1100000| 99%| O|  |TAMS 0x00000000c10fffe0, 0x00000000c1000000| Untracked 
|  17|0x00000000c1100000, 0x00000000c11ffff8, 0x00000000c1200000| 99%| O|  |TAMS 0x00000000c11ffff8, 0x00000000c1100000| Untracked 
|  18|0x00000000c1200000, 0x00000000c12fffc0, 0x00000000c1300000| 99%| O|  |TAMS 0x00000000c12fffc0, 0x00000000c1200000| Untracked 
|  19|0x00000000c1300000, 0x00000000c1400000, 0x00000000c1400000|100%| O|  |TAMS 0x00000000c1400000, 0x00000000c1300000| Untracked 
|  20|0x00000000c1400000, 0x00000000c14fff80, 0x00000000c1500000| 99%| O|  |TAMS 0x00000000c14fff80, 0x00000000c1400000| Untracked 
|  21|0x00000000c1500000, 0x00000000c15fffc0, 0x00000000c1600000| 99%| O|  |TAMS 0x00000000c15fffc0, 0x00000000c1500000| Untracked 
|  22|0x00000000c1600000, 0x00000000c16ffff8, 0x00000000c1700000| 99%| O|  |TAMS 0x00000000c16ffff8, 0x00000000c1600000| Untracked 
|  23|0x00000000c1700000, 0x00000000c179db80, 0x00000000c1800000| 61%| O|  |TAMS 0x00000000c1700000, 0x00000000c1700000| Untracked 
|  24|0x00000000c1800000, 0x00000000c1800000, 0x00000000c1900000|  0%| F|  |TAMS 0x00000000c1800000, 0x00000000c1800000| Untracked 
|  25|0x00000000c1900000, 0x00000000c1900000, 0x00000000c1a00000|  0%| F|  |TAMS 0x00000000c1900000, 0x00000000c1900000| Untracked 
|  26|0x00000000c1a00000, 0x00000000c1a00000, 0x00000000c1b00000|  0%| F|  |TAMS 0x00000000c1a00000, 0x00000000c1a00000| Untracked 
|  27|0x00000000c1b00000, 0x00000000c1b00000, 0x00000000c1c00000|  0%| F|  |TAMS 0x00000000c1b00000, 0x00000000c1b00000| Untracked 
|  28|0x00000000c1c00000, 0x00000000c1c00000, 0x00000000c1d00000|  0%| F|  |TAMS 0x00000000c1c00000, 0x00000000c1c00000| Untracked 
|  29|0x00000000c1d00000, 0x00000000c1d00000, 0x00000000c1e00000|  0%| F|  |TAMS 0x00000000c1d00000, 0x00000000c1d00000| Untracked 
|  30|0x00000000c1e00000, 0x00000000c1e00000, 0x00000000c1f00000|  0%| F|  |TAMS 0x00000000c1e00000, 0x00000000c1e00000| Untracked 
|  31|0x00000000c1f00000, 0x00000000c1f00000, 0x00000000c2000000|  0%| F|  |TAMS 0x00000000c1f00000, 0x00000000c1f00000| Untracked 
|  32|0x00000000c2000000, 0x00000000c2000000, 0x00000000c2100000|  0%| F|  |TAMS 0x00000000c2000000, 0x00000000c2000000| Untracked 
|  33|0x00000000c2100000, 0x00000000c2100000, 0x00000000c2200000|  0%| F|  |TAMS 0x00000000c2100000, 0x00000000c2100000| Untracked 
|  34|0x00000000c2200000, 0x00000000c2200000, 0x00000000c2300000|  0%| F|  |TAMS 0x00000000c2200000, 0x00000000c2200000| Untracked 
|  35|0x00000000c2300000, 0x00000000c2300000, 0x00000000c2400000|  0%| F|  |TAMS 0x00000000c2300000, 0x00000000c2300000| Untracked 
|  36|0x00000000c2400000, 0x00000000c2400000, 0x00000000c2500000|  0%| F|  |TAMS 0x00000000c2400000, 0x00000000c2400000| Untracked 
|  37|0x00000000c2500000, 0x00000000c2500000, 0x00000000c2600000|  0%| F|  |TAMS 0x00000000c2500000, 0x00000000c2500000| Untracked 
|  38|0x00000000c2600000, 0x00000000c2600000, 0x00000000c2700000|  0%| F|  |TAMS 0x00000000c2600000, 0x00000000c2600000| Untracked 
|  39|0x00000000c2700000, 0x00000000c2700000, 0x00000000c2800000|  0%| F|  |TAMS 0x00000000c2700000, 0x00000000c2700000| Untracked 
|  40|0x00000000c2800000, 0x00000000c2800000, 0x00000000c2900000|  0%| F|  |TAMS 0x00000000c2800000, 0x00000000c2800000| Untracked 
|  41|0x00000000c2900000, 0x00000000c2900000, 0x00000000c2a00000|  0%| F|  |TAMS 0x00000000c2900000, 0x00000000c2900000| Untracked 
|  42|0x00000000c2a00000, 0x00000000c2a00000, 0x00000000c2b00000|  0%| F|  |TAMS 0x00000000c2a00000, 0x00000000c2a00000| Untracked 
|  43|0x00000000c2b00000, 0x00000000c2b00000, 0x00000000c2c00000|  0%| F|  |TAMS 0x00000000c2b00000, 0x00000000c2b00000| Untracked 
|  44|0x00000000c2c00000, 0x00000000c2c00000, 0x00000000c2d00000|  0%| F|  |TAMS 0x00000000c2c00000, 0x00000000c2c00000| Untracked 
|  45|0x00000000c2d00000, 0x00000000c2d00000, 0x00000000c2e00000|  0%| F|  |TAMS 0x00000000c2d00000, 0x00000000c2d00000| Untracked 
|  46|0x00000000c2e00000, 0x00000000c2e00000, 0x00000000c2f00000|  0%| F|  |TAMS 0x00000000c2e00000, 0x00000000c2e00000| Untracked 
|  47|0x00000000c2f00000, 0x00000000c2f00000, 0x00000000c3000000|  0%| F|  |TAMS 0x00000000c2f00000, 0x00000000c2f00000| Untracked 
|  48|0x00000000c3000000, 0x00000000c3000000, 0x00000000c3100000|  0%| F|  |TAMS 0x00000000c3000000, 0x00000000c3000000| Untracked 
|  49|0x00000000c3100000, 0x00000000c3100000, 0x00000000c3200000|  0%| F|  |TAMS 0x00000000c3100000, 0x00000000c3100000| Untracked 
|  50|0x00000000c3200000, 0x00000000c3200000, 0x00000000c3300000|  0%| F|  |TAMS 0x00000000c3200000, 0x00000000c3200000| Untracked 
|  51|0x00000000c3300000, 0x00000000c3300000, 0x00000000c3400000|  0%| F|  |TAMS 0x00000000c3300000, 0x00000000c3300000| Untracked 
|  52|0x00000000c3400000, 0x00000000c3400000, 0x00000000c3500000|  0%| F|  |TAMS 0x00000000c3400000, 0x00000000c3400000| Untracked 
|  53|0x00000000c3500000, 0x00000000c3500000, 0x00000000c3600000|  0%| F|  |TAMS 0x00000000c3500000, 0x00000000c3500000| Untracked 
|  54|0x00000000c3600000, 0x00000000c3600000, 0x00000000c3700000|  0%| F|  |TAMS 0x00000000c3600000, 0x00000000c3600000| Untracked 
|  55|0x00000000c3700000, 0x00000000c3700000, 0x00000000c3800000|  0%| F|  |TAMS 0x00000000c3700000, 0x00000000c3700000| Untracked 
|  56|0x00000000c3800000, 0x00000000c3800000, 0x00000000c3900000|  0%| F|  |TAMS 0x00000000c3800000, 0x00000000c3800000| Untracked 
|  57|0x00000000c3900000, 0x00000000c3900000, 0x00000000c3a00000|  0%| F|  |TAMS 0x00000000c3900000, 0x00000000c3900000| Untracked 
|  58|0x00000000c3a00000, 0x00000000c3a00000, 0x00000000c3b00000|  0%| F|  |TAMS 0x00000000c3a00000, 0x00000000c3a00000| Untracked 
|  59|0x00000000c3b00000, 0x00000000c3b00000, 0x00000000c3c00000|  0%| F|  |TAMS 0x00000000c3b00000, 0x00000000c3b00000| Untracked 
|  60|0x00000000c3c00000, 0x00000000c3c00000, 0x00000000c3d00000|  0%| F|  |TAMS 0x00000000c3c00000, 0x00000000c3c00000| Untracked 
|  61|0x00000000c3d00000, 0x00000000c3d00000, 0x00000000c3e00000|  0%| F|  |TAMS 0x00000000c3d00000, 0x00000000c3d00000| Untracked 
|  62|0x00000000c3e00000, 0x00000000c3e00000, 0x00000000c3f00000|  0%| F|  |TAMS 0x00000000c3e00000, 0x00000000c3e00000| Untracked 
|  63|0x00000000c3f00000, 0x00000000c3f00000, 0x00000000c4000000|  0%| F|  |TAMS 0x00000000c3f00000, 0x00000000c3f00000| Untracked 
|  64|0x00000000c4000000, 0x00000000c4000000, 0x00000000c4100000|  0%| F|  |TAMS 0x00000000c4000000, 0x00000000c4000000| Untracked 
|  65|0x00000000c4100000, 0x00000000c4100000, 0x00000000c4200000|  0%| F|  |TAMS 0x00000000c4100000, 0x00000000c4100000| Untracked 
|  66|0x00000000c4200000, 0x00000000c4200000, 0x00000000c4300000|  0%| F|  |TAMS 0x00000000c4200000, 0x00000000c4200000| Untracked 
|  67|0x00000000c4300000, 0x00000000c4300000, 0x00000000c4400000|  0%| F|  |TAMS 0x00000000c4300000, 0x00000000c4300000| Untracked 
|  81|0x00000000c5100000, 0x00000000c5100000, 0x00000000c5200000|  0%| F|  |TAMS 0x00000000c5100000, 0x00000000c5100000| Untracked 
|  82|0x00000000c5200000, 0x00000000c5200000, 0x00000000c5300000|  0%| F|  |TAMS 0x00000000c5200000, 0x00000000c5200000| Untracked 
|  83|0x00000000c5300000, 0x00000000c5300000, 0x00000000c5400000|  0%| F|  |TAMS 0x00000000c5300000, 0x00000000c5300000| Untracked 
|  84|0x00000000c5400000, 0x00000000c5400000, 0x00000000c5500000|  0%| F|  |TAMS 0x00000000c5400000, 0x00000000c5400000| Untracked 
|  85|0x00000000c5500000, 0x00000000c5500000, 0x00000000c5600000|  0%| F|  |TAMS 0x00000000c5500000, 0x00000000c5500000| Untracked 
| 125|0x00000000c7d00000, 0x00000000c7d47b18, 0x00000000c7e00000| 28%| E|  |TAMS 0x00000000c7d00000, 0x00000000c7d00000| Complete 

Card table byte_map: [0x00000277bcf00000,0x00000277bd100000] _byte_map_base: 0x00000277bc900000

Marking Bits (Prev, Next): (CMBitMap*) 0x00000277b72b4720, (CMBitMap*) 0x00000277b72b4760
 Prev Bits: [0x00000277bd300000, 0x00000277be300000)
 Next Bits: [0x00000277be300000, 0x00000277bf300000)

Polling page: 0x00000277b5030000

Metaspace:

Usage:
  Non-class:     33.14 MB used.
      Class:      5.04 MB used.
       Both:     38.18 MB used.

Virtual space:
  Non-class space:       64.00 MB reserved,      33.44 MB ( 52%) committed,  1 nodes.
      Class space:        1.00 GB reserved,       5.31 MB ( <1%) committed,  1 nodes.
             Both:        1.06 GB reserved,      38.75 MB (  4%) committed. 

Chunk freelists:
   Non-Class:  14.68 MB
       Class:  10.76 MB
        Both:  25.44 MB

MaxMetaspaceSize: unlimited
CompressedClassSpaceSize: 1.00 GB
Initial GC threshold: 21.00 MB
Current GC threshold: 64.62 MB
CDS: off
MetaspaceReclaimPolicy: balanced
 - commit_granule_bytes: 65536.
 - commit_granule_words: 8192.
 - virtual_space_node_default_size: 8388608.
 - enlarge_chunks_in_place: 1.
 - new_chunks_are_fully_committed: 0.
 - uncommit_free_chunks: 1.
 - use_allocation_guard: 0.
 - handle_deallocations: 1.


Internal statistics:

num_allocs_failed_limit: 8.
num_arena_births: 502.
num_arena_deaths: 152.
num_vsnodes_births: 2.
num_vsnodes_deaths: 0.
num_space_committed: 620.
num_space_uncommitted: 0.
num_chunks_returned_to_freelist: 178.
num_chunks_taken_from_freelist: 1658.
num_chunk_merges: 56.
num_chunk_splits: 1153.
num_chunks_enlarged: 879.
num_inconsistent_stats: 0.

CodeCache: size=49152Kb used=6879Kb max_used=6879Kb free=42272Kb
 bounds [0x00000277b9f00000, 0x00000277ba5c0000, 0x00000277bcf00000]
 total_blobs=4233 nmethods=3688 adapters=471
 compilation: enabled
              stopped_count=0, restarted_count=0
 full_count=0

Compilation events (20 events):
Event: 2717.259 Thread 0x00000277c180e4a0 3678   !   1       java.io.FileOutputStream::close (69 bytes)
Event: 2717.260 Thread 0x00000277c180e4a0 nmethod 3678 0x00000277ba5b2e10 code [0x00000277ba5b2fe0, 0x00000277ba5b3358]
Event: 2717.260 Thread 0x00000277c180e4a0 3679       1       java.io.FileOutputStream$1::<init> (10 bytes)
Event: 2717.260 Thread 0x00000277c180e4a0 nmethod 3679 0x00000277ba5b3490 code [0x00000277ba5b3620, 0x00000277ba5b3738]
Event: 2717.260 Thread 0x00000277c180e4a0 3680       1       java.io.FileOutputStream$1::close (11 bytes)
Event: 2717.261 Thread 0x00000277c180e4a0 nmethod 3680 0x00000277ba5b3790 code [0x00000277ba5b3940, 0x00000277ba5b3c58]
Event: 2717.286 Thread 0x00000277c180e4a0 3682       1       java.lang.ProcessImpl$$Lambda$774/0x00000001003e3098::run (8 bytes)
Event: 2717.286 Thread 0x00000277c180e4a0 nmethod 3682 0x00000277ba5b4610 code [0x00000277ba5b47a0, 0x00000277ba5b4888]
Event: 2717.286 Thread 0x00000277c180e4a0 3683       1       java.lang.ProcessImpl::lambda$new$0 (6 bytes)
Event: 2717.286 Thread 0x00000277c180e4a0 nmethod 3683 0x00000277ba5b4910 code [0x00000277ba5b4aa0, 0x00000277ba5b4b68]
Event: 4400.141 Thread 0x00000277c180e4a0 3686       1       java.lang.ProcessImpl$2::run (242 bytes)
Event: 4400.154 Thread 0x00000277c180e4a0 nmethod 3686 0x00000277ba5b5410 code [0x00000277ba5b56c0, 0x00000277ba5b6458]
Event: 4400.154 Thread 0x00000277c180e4a0 3687       1       java.io.BufferedOutputStream::<init> (9 bytes)
Event: 4400.154 Thread 0x00000277c180e4a0 nmethod 3687 0x00000277ba5b6a90 code [0x00000277ba5b6c20, 0x00000277ba5b6ef8]
Event: 4400.154 Thread 0x00000277c180e4a0 3688       1       java.lang.ProcessImpl::waitFor (136 bytes)
Event: 4400.156 Thread 0x00000277c180e4a0 nmethod 3688 0x00000277ba5b7010 code [0x00000277ba5b7220, 0x00000277ba5b7658]
Event: 8602.189 Thread 0x00000277c180e4a0 3690       1       ch.qos.logback.classic.Logger::appendLoopOnAppenders (18 bytes)
Event: 8602.192 Thread 0x00000277c180e4a0 nmethod 3690 0x00000277ba5b7890 code [0x00000277ba5b7a40, 0x00000277ba5b7b68]
Event: 8602.209 Thread 0x00000277c180e4a0 3691       1       java.lang.invoke.Invokers::maybeCustomize (5 bytes)
Event: 8602.209 Thread 0x00000277c180e4a0 nmethod 3691 0x00000277ba5b7c10 code [0x00000277ba5b7da0, 0x00000277ba5b7e68]

GC Heap History (20 events):
Event: 8510.325 GC heap before
{Heap before GC invocations=575 (full 566):
 garbage-first heap   total 75776K, used 24141K [0x00000000c0000000, 0x0000000100000000)
  region size 1024K, 1 young (1024K), 0 survivors (0K)
 Metaspace       used 39084K, committed 39680K, reserved 1114112K
  class space    used 5162K, committed 5440K, reserved 1048576K
}
Event: 8510.348 GC heap after
{Heap after GC invocations=576 (full 567):
 garbage-first heap   total 75776K, used 24141K [0x00000000c0000000, 0x0000000100000000)
  region size 1024K, 0 young (0K), 0 survivors (0K)
 Metaspace       used 39084K, committed 39680K, reserved 1114112K
  class space    used 5162K, committed 5440K, reserved 1048576K
}
Event: 8520.549 GC heap before
{Heap before GC invocations=576 (full 567):
 garbage-first heap   total 75776K, used 24141K [0x00000000c0000000, 0x0000000100000000)
  region size 1024K, 1 young (1024K), 0 survivors (0K)
 Metaspace       used 39084K, committed 39680K, reserved 1114112K
  class space    used 5162K, committed 5440K, reserved 1048576K
}
Event: 8520.571 GC heap after
{Heap after GC invocations=577 (full 568):
 garbage-first heap   total 75776K, used 24141K [0x00000000c0000000, 0x0000000100000000)
  region size 1024K, 0 young (0K), 0 survivors (0K)
 Metaspace       used 39084K, committed 39680K, reserved 1114112K
  class space    used 5162K, committed 5440K, reserved 1048576K
}
Event: 8530.752 GC heap before
{Heap before GC invocations=577 (full 568):
 garbage-first heap   total 75776K, used 24141K [0x00000000c0000000, 0x0000000100000000)
  region size 1024K, 1 young (1024K), 0 survivors (0K)
 Metaspace       used 39084K, committed 39680K, reserved 1114112K
  class space    used 5162K, committed 5440K, reserved 1048576K
}
Event: 8530.776 GC heap after
{Heap after GC invocations=578 (full 569):
 garbage-first heap   total 75776K, used 24141K [0x00000000c0000000, 0x0000000100000000)
  region size 1024K, 0 young (0K), 0 survivors (0K)
 Metaspace       used 39084K, committed 39680K, reserved 1114112K
  class space    used 5162K, committed 5440K, reserved 1048576K
}
Event: 8541.010 GC heap before
{Heap before GC invocations=578 (full 569):
 garbage-first heap   total 75776K, used 24141K [0x00000000c0000000, 0x0000000100000000)
  region size 1024K, 1 young (1024K), 0 survivors (0K)
 Metaspace       used 39084K, committed 39680K, reserved 1114112K
  class space    used 5162K, committed 5440K, reserved 1048576K
}
Event: 8541.031 GC heap after
{Heap after GC invocations=579 (full 570):
 garbage-first heap   total 75776K, used 24141K [0x00000000c0000000, 0x0000000100000000)
  region size 1024K, 0 young (0K), 0 survivors (0K)
 Metaspace       used 39084K, committed 39680K, reserved 1114112K
  class space    used 5162K, committed 5440K, reserved 1048576K
}
Event: 8551.184 GC heap before
{Heap before GC invocations=579 (full 570):
 garbage-first heap   total 75776K, used 24141K [0x00000000c0000000, 0x0000000100000000)
  region size 1024K, 1 young (1024K), 0 survivors (0K)
 Metaspace       used 39084K, committed 39680K, reserved 1114112K
  class space    used 5162K, committed 5440K, reserved 1048576K
}
Event: 8551.201 GC heap after
{Heap after GC invocations=580 (full 571):
 garbage-first heap   total 75776K, used 24141K [0x00000000c0000000, 0x0000000100000000)
  region size 1024K, 0 young (0K), 0 survivors (0K)
 Metaspace       used 39084K, committed 39680K, reserved 1114112K
  class space    used 5162K, committed 5440K, reserved 1048576K
}
Event: 8561.361 GC heap before
{Heap before GC invocations=580 (full 571):
 garbage-first heap   total 75776K, used 24141K [0x00000000c0000000, 0x0000000100000000)
  region size 1024K, 1 young (1024K), 0 survivors (0K)
 Metaspace       used 39084K, committed 39680K, reserved 1114112K
  class space    used 5162K, committed 5440K, reserved 1048576K
}
Event: 8561.383 GC heap after
{Heap after GC invocations=581 (full 572):
 garbage-first heap   total 75776K, used 24141K [0x00000000c0000000, 0x0000000100000000)
  region size 1024K, 0 young (0K), 0 survivors (0K)
 Metaspace       used 39084K, committed 39680K, reserved 1114112K
  class space    used 5162K, committed 5440K, reserved 1048576K
}
Event: 8571.562 GC heap before
{Heap before GC invocations=581 (full 572):
 garbage-first heap   total 75776K, used 24141K [0x00000000c0000000, 0x0000000100000000)
  region size 1024K, 1 young (1024K), 0 survivors (0K)
 Metaspace       used 39084K, committed 39680K, reserved 1114112K
  class space    used 5162K, committed 5440K, reserved 1048576K
}
Event: 8571.584 GC heap after
{Heap after GC invocations=582 (full 573):
 garbage-first heap   total 75776K, used 24141K [0x00000000c0000000, 0x0000000100000000)
  region size 1024K, 0 young (0K), 0 survivors (0K)
 Metaspace       used 39084K, committed 39680K, reserved 1114112K
  class space    used 5162K, committed 5440K, reserved 1048576K
}
Event: 8581.757 GC heap before
{Heap before GC invocations=582 (full 573):
 garbage-first heap   total 75776K, used 24141K [0x00000000c0000000, 0x0000000100000000)
  region size 1024K, 1 young (1024K), 0 survivors (0K)
 Metaspace       used 39084K, committed 39680K, reserved 1114112K
  class space    used 5162K, committed 5440K, reserved 1048576K
}
Event: 8581.782 GC heap after
{Heap after GC invocations=583 (full 574):
 garbage-first heap   total 75776K, used 24141K [0x00000000c0000000, 0x0000000100000000)
  region size 1024K, 0 young (0K), 0 survivors (0K)
 Metaspace       used 39084K, committed 39680K, reserved 1114112K
  class space    used 5162K, committed 5440K, reserved 1048576K
}
Event: 8591.950 GC heap before
{Heap before GC invocations=583 (full 574):
 garbage-first heap   total 75776K, used 24141K [0x00000000c0000000, 0x0000000100000000)
  region size 1024K, 1 young (1024K), 0 survivors (0K)
 Metaspace       used 39084K, committed 39680K, reserved 1114112K
  class space    used 5162K, committed 5440K, reserved 1048576K
}
Event: 8591.975 GC heap after
{Heap after GC invocations=584 (full 575):
 garbage-first heap   total 75776K, used 24141K [0x00000000c0000000, 0x0000000100000000)
  region size 1024K, 0 young (0K), 0 survivors (0K)
 Metaspace       used 39084K, committed 39680K, reserved 1114112K
  class space    used 5162K, committed 5440K, reserved 1048576K
}
Event: 8612.372 GC heap before
{Heap before GC invocations=584 (full 575):
 garbage-first heap   total 75776K, used 24141K [0x00000000c0000000, 0x0000000100000000)
  region size 1024K, 1 young (1024K), 0 survivors (0K)
 Metaspace       used 39101K, committed 39680K, reserved 1114112K
  class space    used 5165K, committed 5440K, reserved 1048576K
}
Event: 8612.401 GC heap after
{Heap after GC invocations=585 (full 576):
 garbage-first heap   total 75776K, used 24106K [0x00000000c0000000, 0x0000000100000000)
  region size 1024K, 0 young (0K), 0 survivors (0K)
 Metaspace       used 39101K, committed 39680K, reserved 1114112K
  class space    used 5165K, committed 5440K, reserved 1048576K
}

Dll operation events (8 events):
Event: 0.167 Loaded shared library c:\Users\sohai\.vscode\extensions\redhat.java-1.28.1-win32-x64\jre\17.0.10-win32-x86_64\bin\java.dll
Event: 2.177 Loaded shared library C:\Users\sohai\.vscode\extensions\redhat.java-1.28.1-win32-x64\jre\17.0.10-win32-x86_64\bin\net.dll
Event: 2.178 Loaded shared library C:\Users\sohai\.vscode\extensions\redhat.java-1.28.1-win32-x64\jre\17.0.10-win32-x86_64\bin\nio.dll
Event: 2.985 Loaded shared library C:\Users\sohai\.vscode\extensions\redhat.java-1.28.1-win32-x64\jre\17.0.10-win32-x86_64\bin\zip.dll
Event: 26.126 Loaded shared library C:\Users\sohai\.vscode\extensions\redhat.java-1.28.1-win32-x64\jre\17.0.10-win32-x86_64\bin\jimage.dll
Event: 31.771 Loaded shared library c:\Users\sohai\.vscode\extensions\redhat.java-1.28.1-win32-x64\jre\17.0.10-win32-x86_64\bin\verify.dll
Event: 42.349 Loaded shared library C:\Users\sohai\.vscode\extensions\redhat.java-1.28.1-win32-x64\jre\17.0.10-win32-x86_64\bin\management.dll
Event: 42.354 Loaded shared library C:\Users\sohai\.vscode\extensions\redhat.java-1.28.1-win32-x64\jre\17.0.10-win32-x86_64\bin\management_ext.dll

Deoptimization events (4 events):
Event: 44.886 Thread 0x00000277c6f1e8a0 DEOPT PACKING pc=0x00000277ba315701 sp=0x000000d2759fde30
Event: 44.887 Thread 0x00000277c6f1e8a0 DEOPT UNPACKING pc=0x00000277b9f57143 sp=0x000000d2759fd2c0 mode 3
Event: 44.895 Thread 0x00000277c70e8510 DEOPT PACKING pc=0x00000277ba2f2f97 sp=0x000000d275cff290
Event: 44.895 Thread 0x00000277c70e8510 DEOPT UNPACKING pc=0x00000277b9f57143 sp=0x000000d275cfe6e8 mode 3

Classes unloaded (20 events):
Event: 105.672 Thread 0x00000277c17c8b40 Unloading class 0x00000001003a9400 'java/lang/invoke/LambdaForm$MH+0x00000001003a9400'
Event: 105.672 Thread 0x00000277c17c8b40 Unloading class 0x00000001003a9000 'java/lang/invoke/LambdaForm$MH+0x00000001003a9000'
Event: 105.672 Thread 0x00000277c17c8b40 Unloading class 0x0000000100096000 'java/lang/invoke/LambdaForm$MH+0x0000000100096000'
Event: 105.672 Thread 0x00000277c17c8b40 Unloading class 0x0000000100095c00 'java/lang/invoke/LambdaForm$MH+0x0000000100095c00'
Event: 105.672 Thread 0x00000277c17c8b40 Unloading class 0x0000000100095800 'java/lang/invoke/LambdaForm$MH+0x0000000100095800'
Event: 105.672 Thread 0x00000277c17c8b40 Unloading class 0x0000000100095400 'java/lang/invoke/LambdaForm$MH+0x0000000100095400'
Event: 105.672 Thread 0x00000277c17c8b40 Unloading class 0x0000000100095000 'java/lang/invoke/LambdaForm$MH+0x0000000100095000'
Event: 105.672 Thread 0x00000277c17c8b40 Unloading class 0x0000000100094c00 'java/lang/invoke/LambdaForm$MH+0x0000000100094c00'
Event: 105.672 Thread 0x00000277c17c8b40 Unloading class 0x0000000100094800 'java/lang/invoke/LambdaForm$MH+0x0000000100094800'
Event: 105.672 Thread 0x00000277c17c8b40 Unloading class 0x0000000100094400 'java/lang/invoke/LambdaForm$MH+0x0000000100094400'
Event: 105.672 Thread 0x00000277c17c8b40 Unloading class 0x000000010008e800 'java/lang/invoke/LambdaForm$MH+0x000000010008e800'
Event: 105.672 Thread 0x00000277c17c8b40 Unloading class 0x000000010008e400 'java/lang/invoke/LambdaForm$MH+0x000000010008e400'
Event: 105.672 Thread 0x00000277c17c8b40 Unloading class 0x000000010008e000 'java/lang/invoke/LambdaForm$MH+0x000000010008e000'
Event: 105.672 Thread 0x00000277c17c8b40 Unloading class 0x000000010008dc00 'java/lang/invoke/LambdaForm$MH+0x000000010008dc00'
Event: 105.672 Thread 0x00000277c17c8b40 Unloading class 0x000000010008d800 'java/lang/invoke/LambdaForm$MH+0x000000010008d800'
Event: 105.672 Thread 0x00000277c17c8b40 Unloading class 0x000000010008d400 'java/lang/invoke/LambdaForm$MH+0x000000010008d400'
Event: 105.672 Thread 0x00000277c17c8b40 Unloading class 0x000000010008cc00 'java/lang/invoke/LambdaForm$MH+0x000000010008cc00'
Event: 105.672 Thread 0x00000277c17c8b40 Unloading class 0x000000010008c800 'java/lang/invoke/LambdaForm$MH+0x000000010008c800'
Event: 105.672 Thread 0x00000277c17c8b40 Unloading class 0x000000010008c000 'java/lang/invoke/LambdaForm$MH+0x000000010008c000'
Event: 105.672 Thread 0x00000277c17c8b40 Unloading class 0x000000010008bc00 'java/lang/invoke/LambdaForm$MH+0x000000010008bc00'

Classes redefined (0 events):
No events

Internal exceptions (20 events):
Event: 35.488 Thread 0x00000277b7276b00 Exception <a 'java/lang/NoSuchMethodError'{0x00000000c4017198}: 'java.lang.Object java.lang.invoke.DelegatingMethodHandle$Holder.delegate(java.lang.Object, int, java.lang.Object, java.lang.Object)'> (0x00000000c4017198) 
thrown [s\src\hotspot\share\interpreter\linkResolver.cpp, line 759]
Event: 35.563 Thread 0x00000277b7276b00 Exception <a 'java/lang/NoSuchMethodError'{0x00000000c4028020}: 'int java.lang.invoke.Invokers$Holder.linkToTargetMethod(java.lang.Object, java.lang.Object, java.lang.Object)'> (0x00000000c4028020) 
thrown [s\src\hotspot\share\interpreter\linkResolver.cpp, line 759]
Event: 35.788 Thread 0x00000277b7276b00 Exception <a 'java/lang/NoSuchMethodError'{0x00000000c3cb80b0}: 'java.lang.Object java.lang.invoke.DirectMethodHandle$Holder.invokeStaticInit(java.lang.Object, int, int, int, int)'> (0x00000000c3cb80b0) 
thrown [s\src\hotspot\share\interpreter\linkResolver.cpp, line 759]
Event: 36.016 Thread 0x00000277b7276b00 Exception <a 'java/lang/NoSuchMethodError'{0x00000000c3b09c08}: 'java.lang.Object java.lang.invoke.DirectMethodHandle$Holder.invokeStaticInit(java.lang.Object, java.lang.Object, int, int, int, int)'> (0x00000000c3b09c08) 
thrown [s\src\hotspot\share\interpreter\linkResolver.cpp, line 759]
Event: 36.897 Thread 0x00000277b7276b00 Exception <a 'java/lang/NoSuchMethodError'{0x00000000c3352618}: 'void java.lang.invoke.DirectMethodHandle$Holder.invokeSpecialIFC(java.lang.Object, java.lang.Object, java.lang.Object)'> (0x00000000c3352618) 
thrown [s\src\hotspot\share\interpreter\linkResolver.cpp, line 759]
Event: 39.955 Thread 0x00000277b7276b00 Exception <a 'java/lang/NoSuchMethodError'{0x00000000c3b09090}: 'int java.lang.invoke.DirectMethodHandle$Holder.invokeStaticInit(java.lang.Object, java.lang.Object, int, java.lang.Object)'> (0x00000000c3b09090) 
thrown [s\src\hotspot\share\interpreter\linkResolver.cpp, line 759]
Event: 40.303 Thread 0x00000277b7276b00 Exception <a 'java/lang/NoSuchMethodError'{0x00000000c3a1c158}: 'void java.lang.invoke.DirectMethodHandle$Holder.invokeSpecial(java.lang.Object, java.lang.Object, java.lang.Object, java.lang.Object, java.lang.Object, java.lang.Object, java.lang.Object)'> (0x00000000c3a1c158) 
thrown [s\src\hotspot\share\interpreter\linkResolver.cpp, line 759]
Event: 41.518 Thread 0x00000277b7276b00 Exception <a 'java/lang/NoSuchMethodError'{0x00000000c36aecb8}: 'java.lang.Object java.lang.invoke.DirectMethodHandle$Holder.invokeInterface(java.lang.Object, java.lang.Object, int)'> (0x00000000c36aecb8) 
thrown [s\src\hotspot\share\interpreter\linkResolver.cpp, line 759]
Event: 41.522 Thread 0x00000277b7276b00 Exception <a 'java/lang/IncompatibleClassChangeError'{0x00000000c36c5580}: Found class java.lang.Object, but interface was expected> (0x00000000c36c5580) 
thrown [s\src\hotspot\share\interpreter\linkResolver.cpp, line 826]
Event: 42.337 Thread 0x00000277b7276b00 Exception <a 'java/lang/NoSuchMethodError'{0x00000000c536dd18}: 'java.lang.Object java.lang.invoke.DirectMethodHandle$Holder.newInvokeSpecial(java.lang.Object, java.lang.Object, int, java.lang.Object, java.lang.Object)'> (0x00000000c536dd18) 
thrown [s\src\hotspot\share\interpreter\linkResolver.cpp, line 759]
Event: 42.338 Thread 0x00000277b7276b00 Exception <a 'java/lang/NoSuchMethodError'{0x00000000c5380e78}: 'java.lang.Object java.lang.invoke.DirectMethodHandle$Holder.invokeSpecial(java.lang.Object, java.lang.Object, int, java.lang.Object, int, java.lang.Object)'> (0x00000000c5380e78) 
thrown [s\src\hotspot\share\interpreter\linkResolver.cpp, line 759]
Event: 42.339 Thread 0x00000277b7276b00 Exception <a 'java/lang/NoSuchMethodError'{0x00000000c5388c80}: 'java.lang.Object java.lang.invoke.DirectMethodHandle$Holder.newInvokeSpecial(java.lang.Object, java.lang.Object, int, java.lang.Object, int)'> (0x00000000c5388c80) 
thrown [s\src\hotspot\share\interpreter\linkResolver.cpp, line 759]
Event: 42.339 Thread 0x00000277b7276b00 Exception <a 'java/lang/NoSuchMethodError'{0x00000000c538cd80}: 'java.lang.Object java.lang.invoke.DirectMethodHandle$Holder.invokeSpecial(java.lang.Object, java.lang.Object, java.lang.Object, int, java.lang.Object, int)'> (0x00000000c538cd80) 
thrown [s\src\hotspot\share\interpreter\linkResolver.cpp, line 759]
Event: 44.037 Thread 0x00000277c6f1e8a0 Exception <a 'java/lang/NoSuchMethodError'{0x00000000c3b3cce8}: 'java.lang.Object java.lang.invoke.DirectMethodHandle$Holder.invokeStatic(java.lang.Object, java.lang.Object, java.lang.Object, int, java.lang.Object, java.lang.Object)'> (0x00000000c3b3cce8) 
thrown [s\src\hotspot\share\interpreter\linkResolver.cpp, line 759]
Event: 44.388 Thread 0x00000277c663d880 Exception <a 'java/lang/NoSuchMethodError'{0x00000000c3aa6328}: 'java.lang.Object java.lang.invoke.DirectMethodHandle$Holder.invokeStatic(java.lang.Object, int, java.lang.Object)'> (0x00000000c3aa6328) 
thrown [s\src\hotspot\share\interpreter\linkResolver.cpp, line 759]
Event: 45.557 Thread 0x00000277c6653390 Exception <a 'java/lang/NoSuchMethodError'{0x00000000c33b1160}: 'int java.lang.invoke.DirectMethodHandle$Holder.invokeStatic(java.lang.Object)'> (0x00000000c33b1160) 
thrown [s\src\hotspot\share\interpreter\linkResolver.cpp, line 759]
Event: 45.557 Thread 0x00000277c6653390 Exception <a 'java/lang/NoSuchMethodError'{0x00000000c33b4560}: 'int java.lang.invoke.DirectMethodHandle$Holder.invokeStaticInit(java.lang.Object)'> (0x00000000c33b4560) 
thrown [s\src\hotspot\share\interpreter\linkResolver.cpp, line 759]
Event: 82.534 Thread 0x00000277c709fb30 Exception <a 'java/lang/NoSuchMethodError'{0x00000000c53ec138}: 'void java.lang.invoke.DirectMethodHandle$Holder.invokeStatic(java.lang.Object, long)'> (0x00000000c53ec138) 
thrown [s\src\hotspot\share\interpreter\linkResolver.cpp, line 759]
Event: 82.534 Thread 0x00000277c709fb30 Exception <a 'java/lang/NoSuchMethodError'{0x00000000c53f14e0}: 'java.lang.Object java.lang.invoke.DirectMethodHandle$Holder.newInvokeSpecial(java.lang.Object, long)'> (0x00000000c53f14e0) 
thrown [s\src\hotspot\share\interpreter\linkResolver.cpp, line 759]
Event: 8601.997 Thread 0x00000277c709fb30 Exception <a 'java/io/IOException'{0x00000000c7d00628}: CreateProcess error=1455, The paging file is too small for this operation to complete> (0x00000000c7d00628) 
thrown [s\src\hotspot\share\prims\jni.cpp, line 535]

VM Operations (20 events):
Event: 8520.571 Executing VM operation: G1CollectFull done
Event: 8530.752 Executing VM operation: G1CollectFull
Event: 8530.777 Executing VM operation: G1CollectFull done
Event: 8541.010 Executing VM operation: G1CollectFull
Event: 8541.031 Executing VM operation: G1CollectFull done
Event: 8551.184 Executing VM operation: G1CollectFull
Event: 8551.201 Executing VM operation: G1CollectFull done
Event: 8561.361 Executing VM operation: G1CollectFull
Event: 8561.383 Executing VM operation: G1CollectFull done
Event: 8571.562 Executing VM operation: G1CollectFull
Event: 8571.584 Executing VM operation: G1CollectFull done
Event: 8581.757 Executing VM operation: G1CollectFull
Event: 8581.782 Executing VM operation: G1CollectFull done
Event: 8591.950 Executing VM operation: G1CollectFull
Event: 8591.975 Executing VM operation: G1CollectFull done
Event: 8602.076 Executing VM operation: Cleanup
Event: 8602.138 Executing VM operation: Cleanup done
Event: 8612.372 Executing VM operation: G1CollectFull
Event: 8612.401 Executing VM operation: G1CollectFull done
Event: 8622.474 Executing VM operation: G1CollectFull

Events (20 events):
Event: 45.579 loading class java/nio/charset/CharacterCodingException done
Event: 45.596 loading class java/util/regex/Pattern$1
Event: 45.596 loading class java/util/regex/Pattern$1 done
Event: 82.459 loading class java/lang/ProcessBuilder
Event: 82.460 loading class java/lang/ProcessBuilder done
Event: 82.460 loading class java/lang/ProcessImpl
Event: 82.462 loading class java/lang/ProcessImpl done
Event: 82.535 loading class java/lang/ProcessImpl$2
Event: 82.536 loading class java/lang/ProcessImpl$2 done
Event: 82.536 loading class java/lang/Process$PipeInputStream
Event: 82.536 loading class java/lang/Process$PipeInputStream done
Event: 82.537 loading class jdk/internal/event/ProcessStartEvent
Event: 82.537 loading class jdk/internal/event/ProcessStartEvent done
Event: 84.167 loading class java/io/FileOutputStream$1
Event: 84.167 loading class java/io/FileOutputStream$1 done
Event: 105.158 Thread 0x00000277c6651f50 Thread exited: 0x00000277c6651f50
Event: 105.158 Thread 0x00000277c66547d0 Thread exited: 0x00000277c66547d0
Event: 105.159 Thread 0x00000277c6651a40 Thread exited: 0x00000277c6651a40
Event: 105.159 Thread 0x00000277c6652970 Thread exited: 0x00000277c6652970
Event: 105.321 Thread 0x00000277c66542c0 Thread exited: 0x00000277c66542c0


Dynamic libraries:
0x00007ff69ed20000 - 0x00007ff69ed2e000 	c:\Users\sohai\.vscode\extensions\redhat.java-1.28.1-win32-x64\jre\17.0.10-win32-x86_64\bin\java.exe
0x00007ffa3af90000 - 0x00007ffa3b1a6000 	C:\WINDOWS\SYSTEM32\ntdll.dll
0x00007ffa397a0000 - 0x00007ffa39864000 	C:\WINDOWS\System32\KERNEL32.DLL
0x00007ffa386a0000 - 0x00007ffa38a46000 	C:\WINDOWS\System32\KERNELBASE.dll
0x00007ffa382d0000 - 0x00007ffa383e1000 	C:\WINDOWS\System32\ucrtbase.dll
0x00007ffa2d1c0000 - 0x00007ffa2d1d7000 	c:\Users\sohai\.vscode\extensions\redhat.java-1.28.1-win32-x64\jre\17.0.10-win32-x86_64\bin\jli.dll
0x00007ffa3ada0000 - 0x00007ffa3af4d000 	C:\WINDOWS\System32\USER32.dll
0x00007ffa384a0000 - 0x00007ffa384c6000 	C:\WINDOWS\System32\win32u.dll
0x00007ffa3a5b0000 - 0x00007ffa3a5d9000 	C:\WINDOWS\System32\GDI32.dll
0x00007ffa38a50000 - 0x00007ffa38b68000 	C:\WINDOWS\System32\gdi32full.dll
0x00007ffa384d0000 - 0x00007ffa3856a000 	C:\WINDOWS\System32\msvcp_win.dll
0x00007ffa2d1a0000 - 0x00007ffa2d1bb000 	c:\Users\sohai\.vscode\extensions\redhat.java-1.28.1-win32-x64\jre\17.0.10-win32-x86_64\bin\VCRUNTIME140.dll
0x00007ffa1b060000 - 0x00007ffa1b2f3000 	C:\WINDOWS\WinSxS\amd64_microsoft.windows.common-controls_6595b64144ccf1df_6.0.22621.3235_none_270f74e173860f98\COMCTL32.dll
0x00007ffa3aa60000 - 0x00007ffa3ab07000 	C:\WINDOWS\System32\msvcrt.dll
0x00007ffa39530000 - 0x00007ffa39561000 	C:\WINDOWS\System32\IMM32.DLL
0x00007ffa2d190000 - 0x00007ffa2d19c000 	c:\Users\sohai\.vscode\extensions\redhat.java-1.28.1-win32-x64\jre\17.0.10-win32-x86_64\bin\vcruntime140_1.dll
0x00007ffa0ad00000 - 0x00007ffa0ad8d000 	c:\Users\sohai\.vscode\extensions\redhat.java-1.28.1-win32-x64\jre\17.0.10-win32-x86_64\bin\msvcp140.dll
0x00007ff9f5930000 - 0x00007ff9f6592000 	c:\Users\sohai\.vscode\extensions\redhat.java-1.28.1-win32-x64\jre\17.0.10-win32-x86_64\bin\server\jvm.dll
0x00007ffa3ace0000 - 0x00007ffa3ad92000 	C:\WINDOWS\System32\ADVAPI32.dll
0x00007ffa38e60000 - 0x00007ffa38f08000 	C:\WINDOWS\System32\sechost.dll
0x00007ffa383f0000 - 0x00007ffa38418000 	C:\WINDOWS\System32\bcrypt.dll
0x00007ffa3a290000 - 0x00007ffa3a3a5000 	C:\WINDOWS\System32\RPCRT4.dll
0x00007ffa381a0000 - 0x00007ffa381ed000 	C:\WINDOWS\SYSTEM32\POWRPROF.dll
0x00007ffa2d2b0000 - 0x00007ffa2d2b9000 	C:\WINDOWS\SYSTEM32\WSOCK32.dll
0x00007ffa39590000 - 0x00007ffa39601000 	C:\WINDOWS\System32\WS2_32.dll
0x00007ffa2ee70000 - 0x00007ffa2eea4000 	C:\WINDOWS\SYSTEM32\WINMM.dll
0x00007ffa2de20000 - 0x00007ffa2de2a000 	C:\WINDOWS\SYSTEM32\VERSION.dll
0x00007ffa38180000 - 0x00007ffa38193000 	C:\WINDOWS\SYSTEM32\UMPDC.dll
0x00007ffa37310000 - 0x00007ffa37328000 	C:\WINDOWS\SYSTEM32\kernel.appcore.dll
0x00007ffa2ae70000 - 0x00007ffa2ae7a000 	c:\Users\sohai\.vscode\extensions\redhat.java-1.28.1-win32-x64\jre\17.0.10-win32-x86_64\bin\jimage.dll
0x00007ffa32be0000 - 0x00007ffa32e13000 	C:\WINDOWS\SYSTEM32\DBGHELP.DLL
0x00007ffa39040000 - 0x00007ffa393c8000 	C:\WINDOWS\System32\combase.dll
0x00007ffa396c0000 - 0x00007ffa39797000 	C:\WINDOWS\System32\OLEAUT32.dll
0x00007ffa2e150000 - 0x00007ffa2e182000 	C:\WINDOWS\SYSTEM32\dbgcore.DLL
0x00007ffa38420000 - 0x00007ffa3849a000 	C:\WINDOWS\System32\bcryptPrimitives.dll
0x00007ffa104c0000 - 0x00007ffa104e5000 	c:\Users\sohai\.vscode\extensions\redhat.java-1.28.1-win32-x64\jre\17.0.10-win32-x86_64\bin\java.dll
0x00007ffa2aa10000 - 0x00007ffa2aa28000 	c:\Users\sohai\.vscode\extensions\redhat.java-1.28.1-win32-x64\jre\17.0.10-win32-x86_64\bin\zip.dll
0x00007ffa39a30000 - 0x00007ffa3a28d000 	C:\WINDOWS\System32\SHELL32.dll
0x00007ffa36230000 - 0x00007ffa36b28000 	C:\WINDOWS\SYSTEM32\windows.storage.dll
0x00007ffa360f0000 - 0x00007ffa3622e000 	C:\WINDOWS\SYSTEM32\wintypes.dll
0x00007ffa38ce0000 - 0x00007ffa38dd3000 	C:\WINDOWS\System32\SHCORE.dll
0x00007ffa393d0000 - 0x00007ffa3942e000 	C:\WINDOWS\System32\shlwapi.dll
0x00007ffa38200000 - 0x00007ffa38226000 	C:\WINDOWS\SYSTEM32\profapi.dll
0x00007ffa29ba0000 - 0x00007ffa29bb9000 	C:\Users\sohai\.vscode\extensions\redhat.java-1.28.1-win32-x64\jre\17.0.10-win32-x86_64\bin\net.dll
0x00007ffa31af0000 - 0x00007ffa31c27000 	C:\WINDOWS\SYSTEM32\WINHTTP.dll
0x00007ffa37790000 - 0x00007ffa377f9000 	C:\WINDOWS\system32\mswsock.dll
0x00007ffa1fe60000 - 0x00007ffa1fe76000 	C:\Users\sohai\.vscode\extensions\redhat.java-1.28.1-win32-x64\jre\17.0.10-win32-x86_64\bin\nio.dll
0x00007ffa2ace0000 - 0x00007ffa2acf0000 	c:\Users\sohai\.vscode\extensions\redhat.java-1.28.1-win32-x64\jre\17.0.10-win32-x86_64\bin\verify.dll
0x00007ffa379e0000 - 0x00007ffa379fb000 	C:\WINDOWS\SYSTEM32\CRYPTSP.dll
0x00007ffa37270000 - 0x00007ffa372a5000 	C:\WINDOWS\system32\rsaenh.dll
0x00007ffa37880000 - 0x00007ffa378ac000 	C:\WINDOWS\SYSTEM32\USERENV.dll
0x00007ffa37a00000 - 0x00007ffa37a0c000 	C:\WINDOWS\SYSTEM32\CRYPTBASE.dll
0x00007ffa36dd0000 - 0x00007ffa36dfd000 	C:\WINDOWS\SYSTEM32\IPHLPAPI.DLL
0x00007ffa396a0000 - 0x00007ffa396a9000 	C:\WINDOWS\System32\NSI.dll
0x00007ffa2f170000 - 0x00007ffa2f189000 	C:\WINDOWS\SYSTEM32\dhcpcsvc6.DLL
0x00007ffa2f110000 - 0x00007ffa2f12f000 	C:\WINDOWS\SYSTEM32\dhcpcsvc.DLL
0x00007ffa36e00000 - 0x00007ffa36ef9000 	C:\WINDOWS\SYSTEM32\DNSAPI.dll
0x00007ffa296c0000 - 0x00007ffa296c9000 	C:\Users\sohai\.vscode\extensions\redhat.java-1.28.1-win32-x64\jre\17.0.10-win32-x86_64\bin\management.dll
0x00007ffa28f70000 - 0x00007ffa28f7b000 	C:\Users\sohai\.vscode\extensions\redhat.java-1.28.1-win32-x64\jre\17.0.10-win32-x86_64\bin\management_ext.dll
0x00007ffa38de0000 - 0x00007ffa38de8000 	C:\WINDOWS\System32\PSAPI.DLL

dbghelp: loaded successfully - version: 4.0.5 - missing functions: none
symbol engine: initialized successfully - sym options: 0x614 - pdb path: .;c:\Users\sohai\.vscode\extensions\redhat.java-1.28.1-win32-x64\jre\17.0.10-win32-x86_64\bin;C:\WINDOWS\SYSTEM32;C:\WINDOWS\WinSxS\amd64_microsoft.windows.common-controls_6595b64144ccf1df_6.0.22621.3235_none_270f74e173860f98;c:\Users\sohai\.vscode\extensions\redhat.java-1.28.1-win32-x64\jre\17.0.10-win32-x86_64\bin\server

VM Arguments:
jvm_args: -XX:+HeapDumpOnOutOfMemoryError -Xmx1024m -Dsts.lsp.client=vscode -Dsts.log.file=/dev/null -XX:TieredStopAtLevel=1 -Xlog:jni+resolve=off -Dspring.config.location=file:c:\Users\sohai\.vscode\extensions\vmware.vscode-spring-boot-1.53.0\language-server\BOOT-INF\classes\application.properties 
java_command: org.springframework.ide.vscode.boot.app.BootLanguageServerBootApp
java_class_path (initial): c:\Users\sohai\.vscode\extensions\vmware.vscode-spring-boot-1.53.0\language-server\BOOT-INF\classes;c:\Users\sohai\.vscode\extensions\vmware.vscode-spring-boot-1.53.0\language-server\BOOT-INF\lib\annotations-24.1.0.jar;c:\Users\sohai\.vscode\extensions\vmware.vscode-spring-boot-1.53.0\language-server\BOOT-INF\lib\antlr4-runtime-4.11.1.jar;c:\Users\sohai\.vscode\extensions\vmware.vscode-spring-boot-1.53.0\language-server\BOOT-INF\lib\asm-9.6.jar;c:\Users\sohai\.vscode\extensions\vmware.vscode-spring-boot-1.53.0\language-server\BOOT-INF\lib\asm-analysis-9.6.jar;c:\Users\sohai\.vscode\extensions\vmware.vscode-spring-boot-1.53.0\language-server\BOOT-INF\lib\asm-tree-9.6.jar;c:\Users\sohai\.vscode\extensions\vmware.vscode-spring-boot-1.53.0\language-server\BOOT-INF\lib\asm-util-9.6.jar;c:\Users\sohai\.vscode\extensions\vmware.vscode-spring-boot-1.53.0\language-server\BOOT-INF\lib\caffeine-3.1.8.jar;c:\Users\sohai\.vscode\extensions\vmware.vscode-spring-boot-1.53.0\language-server\BOOT-INF\lib\checker-qual-3.12.0.jar;c:\Users\sohai\.vscode\extensions\vmware.vscode-spring-boot-1.53.0\language-server\BOOT-INF\lib\classgraph-4.8.149.jar;c:\Users\sohai\.vscode\extensions\vmware.vscode-spring-boot-1.53.0\language-server\BOOT-INF\lib\commons-codec-1.16.1.jar;c:\Users\sohai\.vscode\extensions\vmware.vscode-spring-boot-1.53.0\language-server\BOOT-INF\lib\commons-compress-1.26.0.jar;c:\Users\sohai\.vscode\extensions\vmware.vscode-spring-boot-1.53.0\language-server\BOOT-INF\lib\commons-io-2.4.jar;c:\Users\sohai\.vscode\extensions\vmware.vscode-spring-boot-1.53.0\language-server\BOOT-INF\lib\commons-java-1.53.0-SNAPSHOT.jar;c:\Users\sohai\.vscode\extensions\vmware.vscode-spring-boot-1.53.0\language-server\BOOT-INF\lib\commons-lang3-3.13.0.jar;c:\Users\sohai\.vscode\extensions\vmware.vscode-spring-boot-1.53.0\language-server\BOOT-INF\lib\commons-language-server-1.53.0-SNAPSHOT.jar;c:\Users\sohai\.vscode\extensions\vmware.vscode-spring-boot-1.53.0\language
Launcher Type: SUN_STANDARD

[Global flags]
     intx CICompilerCount                          = 3                                         {product} {ergonomic}
     uint ConcGCThreads                            = 1                                         {product} {ergonomic}
     uint G1ConcRefinementThreads                  = 4                                         {product} {ergonomic}
   size_t G1HeapRegionSize                         = 1048576                                   {product} {ergonomic}
    uintx GCDrainStackTargetSize                   = 64                                        {product} {ergonomic}
     bool HeapDumpOnOutOfMemoryError               = true                                   {manageable} {command line}
   size_t InitialHeapSize                          = 132120576                                 {product} {ergonomic}
   size_t MarkStackSize                            = 4194304                                   {product} {ergonomic}
   size_t MaxHeapSize                              = 1073741824                                {product} {command line}
   size_t MaxNewSize                               = 643825664                                 {product} {ergonomic}
   size_t MinHeapDeltaBytes                        = 1048576                                   {product} {ergonomic}
   size_t MinHeapSize                              = 8388608                                   {product} {ergonomic}
    uintx NonProfiledCodeHeapSize                  = 0                                      {pd product} {ergonomic}
     bool ProfileInterpreter                       = false                                  {pd product} {command line}
    uintx ProfiledCodeHeapSize                     = 0                                      {pd product} {ergonomic}
   size_t SoftMaxHeapSize                          = 1073741824                             {manageable} {ergonomic}
     intx TieredStopAtLevel                        = 1                                         {product} {command line}
     bool UseCompressedClassPointers               = true                           {product lp64_product} {ergonomic}
     bool UseCompressedOops                        = true                           {product lp64_product} {ergonomic}
     bool UseG1GC                                  = true                                      {product} {ergonomic}
     bool UseLargePagesIndividualAllocation        = false                                  {pd product} {ergonomic}

Logging:
Log output configuration:
 #0: stdout all=warning,jni+resolve=off uptime,level,tags
 #1: stderr all=off uptime,level,tags

Environment Variables:
JAVA_HOME=C:\Program Files\Amazon Corretto\jdk11.0.17_8
PATH=C:\Program Files\Amazon Corretto\jdk11.0.17_8\bin;C:\WINDOWS\system32;C:\WINDOWS;C:\WINDOWS\System32\Wbem;C:\WINDOWS\System32\WindowsPowerShell\v1.0\;C:\WINDOWS\System32\OpenSSH\;C:\MinGW\bin;C:\Program Files\MySQL\MySQL Server 8.0\bin;C:\Program Files\Git\cmd;C:\Program Files\Git\mingw64\bin;C:\Program Files\Git\usr\bin;C:\Program Files\PowerShell\7\;C:\Program Files\nodejs\;C:\Program Files\MySQL\MySQL Shell 8.0\bin\;C:\Users\sohai\AppData\Local\Microsoft\WindowsApps;C:\Users\sohai\AppData\Local\Programs\Microsoft VS Code\bin;C:\Users\sohai\AppData\Roaming\npm
USERNAME=sohai
OS=Windows_NT
PROCESSOR_IDENTIFIER=Intel64 Family 6 Model 142 Stepping 12, GenuineIntel
TMP=C:\Users\sohai\AppData\Local\Temp
TEMP=C:\Users\sohai\AppData\Local\Temp



Periodic native trim disabled


---------------  S Y S T E M  ---------------

OS:
 Windows 11 , 64 bit Build 22621 (10.0.22621.3235)
OS uptime: 6 days 11:16 hours

CPU: total 4 (initial active 4) (2 cores per cpu, 2 threads per core) family 6 model 142 stepping 12 microcode 0xde, cx8, cmov, fxsr, ht, mmx, 3dnowpref, sse, sse2, sse3, ssse3, sse4.1, sse4.2, popcnt, lzcnt, tsc, tscinvbit, avx, avx2, aes, erms, clmul, bmi1, bmi2, adx, fma, vzeroupper, clflush, clflushopt
Processor Information for all 4 processors :
  Max Mhz: 2592, Current Mhz: 2592, Mhz Limit: 2073

Memory: 4k page, system-wide physical 8025M (334M free)
TotalPageFile size 23385M (AvailPageFile size 5M)
current process WorkingSet (physical memory assigned to process): 49M, peak: 151M
current process commit charge ("private bytes"): 196M, peak: 221M

vm_info: OpenJDK 64-Bit Server VM (17.0.10+7) for windows-amd64 JRE (17.0.10+7), built on Jan 16 2024 23:25:11 by "admin" with MS VC++ 16.10 / 16.11 (VS2019)

END.
